\BOOKMARK [1][-]{section.1}{\376\377\200\314\146\157\116\313\176\315}{}% 1
\BOOKMARK [2][-]{subsection.1.1}{\376\377\135\345\172\013\200\314\146\157}{section.1}% 2
\BOOKMARK [2][-]{subsection.1.2}{\376\377\135\345\172\013\117\115\177\156}{section.1}% 3
\BOOKMARK [2][-]{subsection.1.3}{\376\377\127\120\150\007\232\330\172\013\174\373}{section.1}% 4
\BOOKMARK [2][-]{subsection.1.4}{\376\377\135\345\172\013\141\017\116\111}{section.1}% 5
\BOOKMARK [2][-]{subsection.1.5}{\376\377\135\345\172\013\166\356\150\007}{section.1}% 6
\BOOKMARK [3][-]{subsubsection.1.5.1}{\376\377\176\317\155\116\123\321\134\125\166\356\150\007}{subsection.1.5}% 7
\BOOKMARK [3][-]{subsubsection.1.5.2}{\376\377\165\037\140\001\163\257\130\203\145\071\125\204\116\016\123\357\143\001\176\355\123\321\134\125}{subsection.1.5}% 8
\BOOKMARK [3][-]{subsubsection.1.5.3}{\376\377\171\076\117\032\123\321\134\125\166\356\150\007}{subsection.1.5}% 9
\BOOKMARK [2][-]{subsection.1.6}{\376\377\123\302\200\003\211\304\203\003}{section.1}% 10
\BOOKMARK [1][-]{section.2}{\376\377\145\275\135\345\147\141\116\366}{}% 11
\BOOKMARK [2][-]{subsection.2.1}{\376\377\127\060\137\142\127\060\214\214}{section.2}% 12
\BOOKMARK [2][-]{subsection.2.2}{\376\377\127\060\215\050\147\141\116\366}{section.2}% 13
\BOOKMARK [3][-]{subsubsection.2.2.1}{\376\377\151\202\217\360}{subsection.2.2}% 14
\BOOKMARK [3][-]{subsubsection.2.2.2}{\376\377\123\072\127\337\127\060\215\050\151\202\121\265}{subsection.2.2}% 15
\BOOKMARK [3][-]{subsubsection.2.2.3}{\376\377\130\044\127\372\135\345\172\013\127\060\215\050\147\141\116\366}{subsection.2.2}% 16
\BOOKMARK [3][-]{subsubsection.2.2.4}{\376\377\130\044\127\372\135\345\172\013\127\060\215\050\147\141\116\366}{subsection.2.2}% 17
\BOOKMARK [3][-]{subsubsection.2.2.5}{\376\377\136\372\173\121\147\120\145\231}{subsection.2.2}% 18
\BOOKMARK [2][-]{subsection.2.3}{\376\377\154\064\145\207\154\024\214\141}{section.2}% 19
\BOOKMARK [3][-]{subsubsection.2.3.1}{\376\377\155\101\127\337\140\305\121\265}{subsection.2.3}% 20
\BOOKMARK [3][-]{subsubsection.2.3.2}{\376\377\154\024\214\141\147\141\116\366}{subsection.2.3}% 21
\BOOKMARK [3][-]{subsubsection.2.3.3}{\376\377\154\064\145\207\127\372\147\054\215\104\145\231}{subsection.2.3}% 22
\BOOKMARK [3][-]{subsubsection.2.3.4}{\376\377\137\204\155\101}{subsection.2.3}% 23
\BOOKMARK [3][-]{subsubsection.2.3.5}{\376\377\155\052\154\064}{subsection.2.3}% 24
\BOOKMARK [3][-]{subsubsection.2.3.6}{\376\377\157\156\154\120}{subsection.2.3}% 25
\BOOKMARK [3][-]{subsubsection.2.3.7}{\376\377\157\156\154\120\162\171\137\201}{subsection.2.3}% 26
\BOOKMARK [3][-]{subsubsection.2.3.8}{\376\377\213\276\213\241\157\156\117\115}{subsection.2.3}% 27
\BOOKMARK [3][-]{subsubsection.2.3.9}{\376\377\237\231\123\343\130\065\123\343\157\156\127\213\000\040}{subsection.2.3}% 28
\BOOKMARK [3][-]{subsubsection.2.3.10}{\376\377\154\342\155\152}{subsection.2.3}% 29
\BOOKMARK [1][-]{section.3}{\376\377\155\167\130\044\136\003\177\156}{}% 30
\BOOKMARK [1][-]{section.4}{\376\377\155\167\130\044\213\276\213\241}{}% 31
\BOOKMARK [2][-]{subsection.4.1}{\376\377\155\167\130\044\145\255\227\142\127\213\137\017\145\271\150\110\153\324\217\203}{section.4}% 32
\BOOKMARK [3][-]{subsubsection.4.1.1}{\376\377\155\167\130\044\145\271\150\110\166\204\142\244\227\142\131\004\164\006}{subsection.4.1}% 33
\BOOKMARK [3][-]{subsubsection.4.1.2}{\376\377\145\164\117\123\172\063\133\232\140\047\213\241\173\227}{subsection.4.1}% 34
\BOOKMARK [3][-]{subsubsection.4.1.3}{\376\377\155\167\130\044\145\255\227\142\145\271\150\110\153\324\217\203\116\016\220\011\142\351}{subsection.4.1}% 35
\BOOKMARK [2][-]{subsection.4.2}{\376\377\130\044\230\166\232\330\172\013}{section.4}% 36
\BOOKMARK [3][-]{subsubsection.4.2.1}{\376\377\154\342\155\152\162\054\232\330}{subsection.4.2}% 37
\BOOKMARK [3][-]{subsubsection.4.2.2}{\376\377\226\062\155\152\130\231\230\166\232\330\172\013}{subsection.4.2}% 38
\BOOKMARK [3][-]{subsubsection.4.2.3}{\376\377\130\044\230\166\232\330\172\013}{subsection.4.2}% 39
\BOOKMARK [3][-]{subsubsection.4.2.4}{\376\377\215\212\155\152\221\317\213\241\173\227}{subsection.4.2}% 40
\BOOKMARK [2][-]{subsection.4.3}{\376\377\155\167\130\044\127\372\170\100\131\004\164\006}{section.4}% 41
\BOOKMARK [2][-]{subsection.4.4}{\376\377\155\167\130\044\225\355\154\024\131\004\164\006}{section.4}% 42
\BOOKMARK [2][-]{subsection.4.5}{\376\377\142\244\127\141\127\141\201\032\131\004\164\006}{section.4}% 43
\BOOKMARK [2][-]{subsection.4.6}{\376\377\127\127\167\363\172\063\133\232\221\315\221\317\213\241\173\227}{section.4}% 44
\BOOKMARK [3][-]{subsubsection.4.6.1}{\376\377\127\127\167\363\172\063\133\232\221\315\221\317\213\241\173\227}{subsection.4.6}% 45
\BOOKMARK [3][-]{subsubsection.4.6.2}{\376\377\213\241\173\227\171\072\117\213}{subsection.4.6}% 46
\BOOKMARK [2][-]{subsection.4.7}{\376\377\155\167\130\044\154\211\226\115\221\317\213\241\173\227}{section.4}% 47
\BOOKMARK [2][-]{subsection.4.8}{\376\377\155\167\130\044\166\204\226\062\156\027\213\276\213\241}{section.4}% 48
\BOOKMARK [2][-]{subsection.4.9}{\376\377\155\167\130\044\143\041\130\231\166\204\172\063\133\232\140\047\213\241\173\227}{section.4}% 49
\BOOKMARK [3][-]{subsubsection.4.9.1}{\376\377\143\041\130\231\123\312\226\062\155\152\200\370\130\231\166\204\213\276\213\241}{subsection.4.9}% 50
\BOOKMARK [3][-]{subsubsection.4.9.2}{\376\377\143\041\130\231\166\204\117\134\165\050\122\233\213\241\173\227}{subsection.4.9}% 51
\BOOKMARK [3][-]{subsubsection.4.9.3}{\376\377\143\041\130\231\166\204\156\321\122\250\172\063\133\232\140\047\213\241\173\227}{subsection.4.9}% 52
\BOOKMARK [3][-]{subsubsection.4.9.4}{\376\377\143\041\130\231\166\204\156\321\122\250\172\063\133\232\140\047\213\241\173\227}{subsection.4.9}% 53
\BOOKMARK [3][-]{subsubsection.4.9.5}{\376\377\143\041\130\231\166\204\120\076\211\206\172\063\133\232\140\047\213\241\173\227}{subsection.4.9}% 54
\BOOKMARK [3][-]{subsubsection.4.9.6}{\376\377\143\041\130\231\166\204\124\021\226\106\117\247\120\076\211\206\172\063\133\232\140\047\213\241\173\227}{subsection.4.9}% 55
\BOOKMARK [3][-]{subsubsection.4.9.7}{\376\377\143\041\130\231\142\227\120\076\060\001\142\227\156\321\172\063\133\232\213\241\173\227\142\020\147\234\210\150}{subsection.4.9}% 56
\BOOKMARK [1][-]{section.5}{\376\377\154\064\225\370\213\276\213\241}{}% 57
\BOOKMARK [2][-]{subsection.5.1}{\376\377\154\064\225\370\166\204\136\163\227\142\136\003\177\156}{section.5}% 58
\BOOKMARK [2][-]{subsection.5.2}{\376\377\154\064\225\370\176\323\147\204\166\204\136\003\177\156\137\142\137\017}{section.5}% 59
\BOOKMARK [2][-]{subsection.5.3}{\376\377\176\323\147\204\213\276\213\241}{section.5}% 60
\BOOKMARK [1][-]{section.6}{\376\377\143\222\154\064\156\040\213\276\213\241}{}% 61
\BOOKMARK [2][-]{subsubsection.6.0.1}{\376\377\130\044\230\166\232\330\172\013\166\204\170\156\133\232}{section.6}% 62
\BOOKMARK [3][-]{subsubsection.6.0.2}{\376\377\143\222\154\064\156\040\142\244\134\270\145\255\227\142\176\323\147\204}{subsubsection.6.0.1}% 63
\BOOKMARK [1][-]{section.7}{\376\377\237\231\123\343\213\276\213\241}{}% 64
\BOOKMARK [2][-]{subsection.7.1}{\376\377\213\276\213\241\150\007\121\306}{section.7}% 65
\BOOKMARK [2][-]{subsection.7.2}{\376\377\237\231\123\343\213\276\213\241}{section.7}% 66
\BOOKMARK [2][-]{subsection.7.3}{\376\377\237\231\123\343\154\064\122\233\213\241\173\227}{section.7}% 67
\BOOKMARK [2][-]{subsection.7.4}{\376\377\130\065\123\343\213\276\213\241}{section.7}% 68
\BOOKMARK [2][-]{subsection.7.5}{\376\377\237\231\123\343\124\010\237\231\172\013\136\217\213\276\213\241\145\271\150\110}{section.7}% 69
\BOOKMARK [1][-]{section.8}{\376\377\163\257\130\203\137\161\124\315\213\304\117\060}{}% 70
\BOOKMARK [2][-]{subsection.8.1}{\376\377\154\064\145\207\122\250\122\233\137\161\124\315\122\006\147\220}{section.8}% 71
