This is pdfTeX, Version 3.141592653-2.6-1.40.25 (TeX Live 2023) (preloaded format=pdflatex 2023.6.6)  12 MAY 2025 11:20
entering extended mode
 restricted \write18 enabled.
 file:line:error style messages enabled.
 %&-line parsing enabled.
**g:/github/graduate/2103010312Êü≥Ê≥ΩËæ∞.tex
(g:/github/graduate/2103010312Êü≥Ê≥ΩËæ∞.tex
LaTeX2e <2022-11-01> patch level 1
L3 programming layer <2023-02-22> (d:/texlive/texmf-dist/tex/latex/ctex/ctexart.cls (d:/texlive/texmf-dist/tex/latex/ctex/config/ctexbackend.cfg
File: ctexbackend.cfg 2022/07/14 v2.5.10 Backend configuration file (CTEX)
) (d:/texlive/texmf-dist/tex/latex/l3kernel/expl3.sty
Package: expl3 2023-02-22 L3 programming layer (loader) 
 (d:/texlive/texmf-dist/tex/latex/l3backend/l3backend-pdftex.def
File: l3backend-pdftex.def 2023-01-16 L3 backend support: PDF output (pdfTeX)
\l__color_backend_stack_int=\count185
\l__pdf_internal_box=\box51
))
Document Class: ctexart 2022/07/14 v2.5.10 Chinese adapter for class article (CTEX)
(d:/texlive/texmf-dist/tex/latex/ctex/ctexhook.sty
Package: ctexhook 2022/07/14 v2.5.10 Document and package hooks (CTEX)
) (d:/texlive/texmf-dist/tex/latex/ctex/ctexpatch.sty
Package: ctexpatch 2022/07/14 v2.5.10 Patching commands (CTEX)
) (d:/texlive/texmf-dist/tex/latex/base/fix-cm.sty
Package: fix-cm 2020/11/24 v1.1t fixes to LaTeX
 (d:/texlive/texmf-dist/tex/latex/base/ts1enc.def
File: ts1enc.def 2001/06/05 v3.0e (jk/car/fm) Standard LaTeX file
LaTeX Font Info:    Redeclaring font encoding TS1 on input line 47.
))
\l__ctex_tmp_int=\count186
\l__ctex_tmp_box=\box52
\l__ctex_tmp_dim=\dimen140
\g__ctex_section_depth_int=\count187
\g__ctex_font_size_int=\count188
 (d:/texlive/texmf-dist/tex/latex/ctex/config/ctexopts.cfg
File: ctexopts.cfg 2022/07/14 v2.5.10 Option configuration file (CTEX)
) (d:/texlive/texmf-dist/tex/latex/base/article.cls
Document Class: article 2022/07/02 v1.4n Standard LaTeX document class
(d:/texlive/texmf-dist/tex/latex/base/size12.clo
File: size12.clo 2022/07/02 v1.4n Standard LaTeX file (size option)
)
\c@part=\count189
\c@section=\count190
\c@subsection=\count191
\c@subsubsection=\count192
\c@paragraph=\count193
\c@subparagraph=\count194
\c@figure=\count195
\c@table=\count196
\abovecaptionskip=\skip48
\belowcaptionskip=\skip49
\bibindent=\dimen141
) (d:/texlive/texmf-dist/tex/latex/ctex/engine/ctex-engine-pdftex.def
File: ctex-engine-pdftex.def 2022/07/14 v2.5.10 (pdf)LaTeX adapter (CTEX)
 (d:/texlive/texmf-dist/tex/latex/cjk/texinput/CJKutf8.sty
Package: CJKutf8 2021/10/16 4.8.5
 (d:/texlive/texmf-dist/tex/generic/iftex/ifpdf.sty
Package: ifpdf 2019/10/25 v3.4 ifpdf legacy package. Use iftex instead.
 (d:/texlive/texmf-dist/tex/generic/iftex/iftex.sty
Package: iftex 2022/02/03 v1.0f TeX engine tests
)) (d:/texlive/texmf-dist/tex/latex/base/inputenc.sty
Package: inputenc 2021/02/14 v1.3d Input encoding file
\inpenc@prehook=\toks16
\inpenc@posthook=\toks17
) (d:/texlive/texmf-dist/tex/latex/cjk/texinput/CJK.sty
Package: CJK 2021/10/16 4.8.5
 (d:/texlive/texmf-dist/tex/latex/cjk/texinput/mule/MULEenc.sty
Package: MULEenc 2021/10/16 4.8.5
) (d:/texlive/texmf-dist/tex/latex/cjk/texinput/CJK.enc
File: CJK.enc 2021/10/16 4.8.5
Now handling font encoding C00 ...
... no UTF-8 mapping file for font encoding C00
Now handling font encoding C05 ...
... no UTF-8 mapping file for font encoding C05
Now handling font encoding C09 ...
... no UTF-8 mapping file for font encoding C09
Now handling font encoding C10 ...
... no UTF-8 mapping file for font encoding C10
Now handling font encoding C20 ...
... no UTF-8 mapping file for font encoding C20
Now handling font encoding C19 ...
... no UTF-8 mapping file for font encoding C19
Now handling font encoding C40 ...
... no UTF-8 mapping file for font encoding C40
Now handling font encoding C42 ...
... no UTF-8 mapping file for font encoding C42
Now handling font encoding C43 ...
... no UTF-8 mapping file for font encoding C43
Now handling font encoding C50 ...
... no UTF-8 mapping file for font encoding C50
Now handling font encoding C52 ...
... no UTF-8 mapping file for font encoding C52
Now handling font encoding C49 ...
... no UTF-8 mapping file for font encoding C49
Now handling font encoding C60 ...
... no UTF-8 mapping file for font encoding C60
Now handling font encoding C61 ...
... no UTF-8 mapping file for font encoding C61
Now handling font encoding C63 ...
... no UTF-8 mapping file for font encoding C63
Now handling font encoding C64 ...
... no UTF-8 mapping file for font encoding C64
Now handling font encoding C65 ...
... no UTF-8 mapping file for font encoding C65
Now handling font encoding C70 ...
... no UTF-8 mapping file for font encoding C70
Now handling font encoding C31 ...
... no UTF-8 mapping file for font encoding C31
Now handling font encoding C32 ...
... no UTF-8 mapping file for font encoding C32
Now handling font encoding C33 ...
... no UTF-8 mapping file for font encoding C33
Now handling font encoding C34 ...
... no UTF-8 mapping file for font encoding C34
Now handling font encoding C35 ...
... no UTF-8 mapping file for font encoding C35
Now handling font encoding C36 ...
... no UTF-8 mapping file for font encoding C36
Now handling font encoding C37 ...
... no UTF-8 mapping file for font encoding C37
Now handling font encoding C80 ...
... no UTF-8 mapping file for font encoding C80
Now handling font encoding C81 ...
... no UTF-8 mapping file for font encoding C81
Now handling font encoding C01 ...
... no UTF-8 mapping file for font encoding C01
Now handling font encoding C11 ...
... no UTF-8 mapping file for font encoding C11
Now handling font encoding C21 ...
... no UTF-8 mapping file for font encoding C21
Now handling font encoding C41 ...
... no UTF-8 mapping file for font encoding C41
Now handling font encoding C62 ...
... no UTF-8 mapping file for font encoding C62
)
\CJK@indent=\box53
) (d:/texlive/texmf-dist/tex/latex/base/fontenc.sty
Package: fontenc 2021/04/29 v2.0v Standard LaTeX package
)) (d:/texlive/texmf-dist/tex/latex/cjkpunct/CJKpunct.sty
Package: CJKpunct 2016/05/14 4.8.4
\CJKpunct@cnta=\count197
\CJKpunct@cntb=\count198
\CJKpunct@cntc=\count199
\CJKpunct@cntd=\count266
\CJKpunct@cnte=\count267
   defining Unicode char U+2018 (decimal 8216)
   defining Unicode char U+2019 (decimal 8217)
   defining Unicode char U+201C (decimal 8220)
   defining Unicode char U+201D (decimal 8221)
   defining Unicode char U+2014 (decimal 8212)
   defining Unicode char U+2026 (decimal 8230)
 (d:/texlive/texmf-dist/tex/latex/cjkpunct/CJKpunct.spa)) (d:/texlive/texmf-dist/tex/latex/cjk/texinput/CJKspace.sty
Package: CJKspace 2021/10/16 3.8.0
) (d:/texlive/texmf-dist/tex/latex/cjk/texinput/UTF8/UTF8.bdg
File: UTF8.bdg 2021/10/16 4.8.5
) (d:/texlive/texmf-dist/tex/latex/ctex/ctexspa.def
File: ctexspa.def 2022/07/14 v2.5.10 Space info for CJKpunct (CTEX)
)
\ccwd=\dimen142
\l__ctex_ccglue_skip=\skip50
)
\l__ctex_ziju_dim=\dimen143
 (d:/texlive/texmf-dist/tex/latex/zhnumber/zhnumber.sty
Package: zhnumber 2022/07/14 v3.0 Typesetting numbers with Chinese glyphs
\l__zhnum_scale_int=\count268
\l__zhnum_tmp_int=\count269
 (d:/texlive/texmf-dist/tex/latex/zhnumber/zhnumber-utf8.cfg
File: zhnumber-utf8.cfg 2022/07/14 v3.0 Chinese numerals with UTF8 encoding
))
\l__ctex_heading_skip=\skip51
 (d:/texlive/texmf-dist/tex/latex/ctex/scheme/ctex-scheme-chinese-article.def
File: ctex-scheme-chinese-article.def 2022/07/14 v2.5.10 Chinese scheme for article (CTEX)
 (d:/texlive/texmf-dist/tex/latex/ctex/config/ctex-name-utf8.cfg
File: ctex-name-utf8.cfg 2022/07/14 v2.5.10 Caption with encoding UTF-8 (CTEX)
)) (d:/texlive/texmf-dist/tex/latex/ctex/fontset/ctex-fontset-windows.def
File: ctex-fontset-windows.def 2022/07/14 v2.5.10 Windows fonts definition (CTEX)
)) (d:/texlive/texmf-dist/tex/latex/ctex/config/ctex.cfg
File: ctex.cfg 2022/07/14 v2.5.10 Configuration file (CTEX)
) (d:/texlive/texmf-dist/tex/latex/geometry/geometry.sty
Package: geometry 2020/01/02 v5.9 Page Geometry
 (d:/texlive/texmf-dist/tex/latex/graphics/keyval.sty
Package: keyval 2022/05/29 v1.15 key=value parser (DPC)
\KV@toks@=\toks18
) (d:/texlive/texmf-dist/tex/generic/iftex/ifvtex.sty
Package: ifvtex 2019/10/25 v1.7 ifvtex legacy package. Use iftex instead.
)
\Gm@cnth=\count270
\Gm@cntv=\count271
\c@Gm@tempcnt=\count272
\Gm@bindingoffset=\dimen144
\Gm@wd@mp=\dimen145
\Gm@odd@mp=\dimen146
\Gm@even@mp=\dimen147
\Gm@layoutwidth=\dimen148
\Gm@layoutheight=\dimen149
\Gm@layouthoffset=\dimen150
\Gm@layoutvoffset=\dimen151
\Gm@dimlist=\toks19
) (d:/texlive/texmf-dist/tex/latex/graphics/graphicx.sty
Package: graphicx 2021/09/16 v1.2d Enhanced LaTeX Graphics (DPC,SPQR)
 (d:/texlive/texmf-dist/tex/latex/graphics/graphics.sty
Package: graphics 2022/03/10 v1.4e Standard LaTeX Graphics (DPC,SPQR)
 (d:/texlive/texmf-dist/tex/latex/graphics/trig.sty
Package: trig 2021/08/11 v1.11 sin cos tan (DPC)
) (d:/texlive/texmf-dist/tex/latex/graphics-cfg/graphics.cfg
File: graphics.cfg 2016/06/04 v1.11 sample graphics configuration
)
Package graphics Info: Driver file: pdftex.def on input line 107.
 (d:/texlive/texmf-dist/tex/latex/graphics-def/pdftex.def
File: pdftex.def 2022/09/22 v1.2b Graphics/color driver for pdftex
))
\Gin@req@height=\dimen152
\Gin@req@width=\dimen153
) (d:/texlive/texmf-dist/tex/latex/booktabs/booktabs.sty
Package: booktabs 2020/01/12 v1.61803398 Publication quality tables
\heavyrulewidth=\dimen154
\lightrulewidth=\dimen155
\cmidrulewidth=\dimen156
\belowrulesep=\dimen157
\belowbottomsep=\dimen158
\aboverulesep=\dimen159
\abovetopsep=\dimen160
\cmidrulesep=\dimen161
\cmidrulekern=\dimen162
\defaultaddspace=\dimen163
\@cmidla=\count273
\@cmidlb=\count274
\@aboverulesep=\dimen164
\@belowrulesep=\dimen165
\@thisruleclass=\count275
\@lastruleclass=\count276
\@thisrulewidth=\dimen166
) (d:/texlive/texmf-dist/tex/latex/amsmath/amsmath.sty
Package: amsmath 2022/04/08 v2.17n AMS math features
\@mathmargin=\skip52

For additional information on amsmath, use the `?' option.
(d:/texlive/texmf-dist/tex/latex/amsmath/amstext.sty
Package: amstext 2021/08/26 v2.01 AMS text
 (d:/texlive/texmf-dist/tex/latex/amsmath/amsgen.sty
File: amsgen.sty 1999/11/30 v2.0 generic functions
\@emptytoks=\toks20
\ex@=\dimen167
)) (d:/texlive/texmf-dist/tex/latex/amsmath/amsbsy.sty
Package: amsbsy 1999/11/29 v1.2d Bold Symbols
\pmbraise@=\dimen168
) (d:/texlive/texmf-dist/tex/latex/amsmath/amsopn.sty
Package: amsopn 2022/04/08 v2.04 operator names
)
\inf@bad=\count277
LaTeX Info: Redefining \frac on input line 234.
\uproot@=\count278
\leftroot@=\count279
LaTeX Info: Redefining \overline on input line 399.
LaTeX Info: Redefining \colon on input line 410.
\classnum@=\count280
\DOTSCASE@=\count281
LaTeX Info: Redefining \ldots on input line 496.
LaTeX Info: Redefining \dots on input line 499.
LaTeX Info: Redefining \cdots on input line 620.
\Mathstrutbox@=\box54
\strutbox@=\box55
LaTeX Info: Redefining \big on input line 722.
LaTeX Info: Redefining \Big on input line 723.
LaTeX Info: Redefining \bigg on input line 724.
LaTeX Info: Redefining \Bigg on input line 725.
\big@size=\dimen169
LaTeX Font Info:    Redeclaring font encoding OML on input line 743.
LaTeX Font Info:    Redeclaring font encoding OMS on input line 744.
\macc@depth=\count282
LaTeX Info: Redefining \bmod on input line 905.
LaTeX Info: Redefining \pmod on input line 910.
LaTeX Info: Redefining \smash on input line 940.
LaTeX Info: Redefining \relbar on input line 970.
LaTeX Info: Redefining \Relbar on input line 971.
\c@MaxMatrixCols=\count283
\dotsspace@=\muskip16
\c@parentequation=\count284
\dspbrk@lvl=\count285
\tag@help=\toks21
\row@=\count286
\column@=\count287
\maxfields@=\count288
\andhelp@=\toks22
\eqnshift@=\dimen170
\alignsep@=\dimen171
\tagshift@=\dimen172
\tagwidth@=\dimen173
\totwidth@=\dimen174
\lineht@=\dimen175
\@envbody=\toks23
\multlinegap=\skip53
\multlinetaggap=\skip54
\mathdisplay@stack=\toks24
LaTeX Info: Redefining \[ on input line 2953.
LaTeX Info: Redefining \] on input line 2954.
) (d:/texlive/texmf-dist/tex/latex/amsfonts/amssymb.sty
Package: amssymb 2013/01/14 v3.01 AMS font symbols
 (d:/texlive/texmf-dist/tex/latex/amsfonts/amsfonts.sty
Package: amsfonts 2013/01/14 v3.01 Basic AMSFonts support
\symAMSa=\mathgroup4
\symAMSb=\mathgroup5
LaTeX Font Info:    Redeclaring math symbol \hbar on input line 98.
LaTeX Font Info:    Overwriting math alphabet `\mathfrak' in version `bold'
(Font)                  U/euf/m/n --> U/euf/b/n on input line 106.
)) (d:/texlive/texmf-dist/tex/latex/hyperref/hyperref.sty
Package: hyperref 2023-02-07 v7.00v Hypertext links for LaTeX
 (d:/texlive/texmf-dist/tex/generic/ltxcmds/ltxcmds.sty
Package: ltxcmds 2020-05-10 v1.25 LaTeX kernel commands for general use (HO)
) (d:/texlive/texmf-dist/tex/generic/pdftexcmds/pdftexcmds.sty
Package: pdftexcmds 2020-06-27 v0.33 Utility functions of pdfTeX for LuaTeX (HO)
 (d:/texlive/texmf-dist/tex/generic/infwarerr/infwarerr.sty
Package: infwarerr 2019/12/03 v1.5 Providing info/warning/error messages (HO)
)
Package pdftexcmds Info: \pdf@primitive is available.
Package pdftexcmds Info: \pdf@ifprimitive is available.
Package pdftexcmds Info: \pdfdraftmode found.
) (d:/texlive/texmf-dist/tex/latex/kvsetkeys/kvsetkeys.sty
Package: kvsetkeys 2022-10-05 v1.19 Key value parser (HO)
) (d:/texlive/texmf-dist/tex/generic/kvdefinekeys/kvdefinekeys.sty
Package: kvdefinekeys 2019-12-19 v1.6 Define keys (HO)
) (d:/texlive/texmf-dist/tex/generic/pdfescape/pdfescape.sty
Package: pdfescape 2019/12/09 v1.15 Implements pdfTeX's escape features (HO)
) (d:/texlive/texmf-dist/tex/latex/hycolor/hycolor.sty
Package: hycolor 2020-01-27 v1.10 Color options for hyperref/bookmark (HO)
) (d:/texlive/texmf-dist/tex/latex/letltxmacro/letltxmacro.sty
Package: letltxmacro 2019/12/03 v1.6 Let assignment for LaTeX macros (HO)
) (d:/texlive/texmf-dist/tex/latex/auxhook/auxhook.sty
Package: auxhook 2019-12-17 v1.6 Hooks for auxiliary files (HO)
) (d:/texlive/texmf-dist/tex/latex/hyperref/nameref.sty
Package: nameref 2022-05-17 v2.50 Cross-referencing by name of section
 (d:/texlive/texmf-dist/tex/latex/refcount/refcount.sty
Package: refcount 2019/12/15 v3.6 Data extraction from label references (HO)
) (d:/texlive/texmf-dist/tex/generic/gettitlestring/gettitlestring.sty
Package: gettitlestring 2019/12/15 v1.6 Cleanup title references (HO)
 (d:/texlive/texmf-dist/tex/latex/kvoptions/kvoptions.sty
Package: kvoptions 2022-06-15 v3.15 Key value format for package options (HO)
))
\c@section@level=\count289
)
\@linkdim=\dimen176
\Hy@linkcounter=\count290
\Hy@pagecounter=\count291
 (d:/texlive/texmf-dist/tex/latex/hyperref/pd1enc.def
File: pd1enc.def 2023-02-07 v7.00v Hyperref: PDFDocEncoding definition (HO)
Now handling font encoding PD1 ...
... no UTF-8 mapping file for font encoding PD1
) (d:/texlive/texmf-dist/tex/generic/intcalc/intcalc.sty
Package: intcalc 2019/12/15 v1.3 Expandable calculations with integers (HO)
) (d:/texlive/texmf-dist/tex/generic/etexcmds/etexcmds.sty
Package: etexcmds 2019/12/15 v1.7 Avoid name clashes with e-TeX commands (HO)
)
\Hy@SavedSpaceFactor=\count292
 (d:/texlive/texmf-dist/tex/latex/hyperref/puenc.def
File: puenc.def 2023-02-07 v7.00v Hyperref: PDF Unicode definition (HO)
Now handling font encoding PU ...
... no UTF-8 mapping file for font encoding PU
)
Package hyperref Info: Option `unicode' set `true' on input line 4060.
Package hyperref Info: Option `colorlinks' set `true' on input line 4060.
Package hyperref Info: Hyper figures OFF on input line 4177.
Package hyperref Info: Link nesting OFF on input line 4182.
Package hyperref Info: Hyper index ON on input line 4185.
Package hyperref Info: Plain pages OFF on input line 4192.
Package hyperref Info: Backreferencing OFF on input line 4197.
Package hyperref Info: Implicit mode ON; LaTeX internals redefined.
Package hyperref Info: Bookmarks ON on input line 4425.
\c@Hy@tempcnt=\count293
 (d:/texlive/texmf-dist/tex/latex/url/url.sty
\Urlmuskip=\muskip17
Package: url 2013/09/16  ver 3.4  Verb mode for urls, etc.
)
LaTeX Info: Redefining \url on input line 4763.
\XeTeXLinkMargin=\dimen177
 (d:/texlive/texmf-dist/tex/generic/bitset/bitset.sty
Package: bitset 2019/12/09 v1.3 Handle bit-vector datatype (HO)
 (d:/texlive/texmf-dist/tex/generic/bigintcalc/bigintcalc.sty
Package: bigintcalc 2019/12/15 v1.5 Expandable calculations on big integers (HO)
))
\Fld@menulength=\count294
\Field@Width=\dimen178
\Fld@charsize=\dimen179
Package hyperref Info: Hyper figures OFF on input line 6042.
Package hyperref Info: Link nesting OFF on input line 6047.
Package hyperref Info: Hyper index ON on input line 6050.
Package hyperref Info: backreferencing OFF on input line 6057.
Package hyperref Info: Link coloring ON on input line 6060.
Package hyperref Info: Link coloring with OCG OFF on input line 6067.
Package hyperref Info: PDF/A mode OFF on input line 6072.
 (d:/texlive/texmf-dist/tex/latex/base/atbegshi-ltx.sty
Package: atbegshi-ltx 2021/01/10 v1.0c Emulation of the original atbegshi
package with kernel methods
)
\Hy@abspage=\count295
\c@Item=\count296
\c@Hfootnote=\count297
)
Package hyperref Info: Driver (autodetected): hpdftex.
 (d:/texlive/texmf-dist/tex/latex/hyperref/hpdftex.def
File: hpdftex.def 2023-02-07 v7.00v Hyperref driver for pdfTeX
 (d:/texlive/texmf-dist/tex/latex/base/atveryend-ltx.sty
Package: atveryend-ltx 2020/08/19 v1.0a Emulation of the original atveryend package
with kernel methods
)
\Fld@listcount=\count298
\c@bookmark@seq@number=\count299
 (d:/texlive/texmf-dist/tex/latex/rerunfilecheck/rerunfilecheck.sty
Package: rerunfilecheck 2022-07-10 v1.10 Rerun checks for auxiliary files (HO)
 (d:/texlive/texmf-dist/tex/generic/uniquecounter/uniquecounter.sty
Package: uniquecounter 2019/12/15 v1.4 Provide unlimited unique counter (HO)
)
Package uniquecounter Info: New unique counter `rerunfilecheck' on input line 285.
)
\Hy@SectionHShift=\skip55
) (d:/texlive/texmf-dist/tex/latex/cite/cite.sty
LaTeX Info: Redefining \cite on input line 302.
LaTeX Info: Redefining \nocite on input line 332.
Package: cite 2015/02/27  v 5.5
) (d:/texlive/texmf-dist/tex/latex/setspace/setspace.sty
Package: setspace 2022/12/04 v6.7b set line spacing
) (d:/texlive/texmf-dist/tex/latex/fancyhdr/fancyhdr.sty
Package: fancyhdr 2022/11/09 v4.1 Extensive control of page headers and footers
\f@nch@headwidth=\skip56
\f@nch@O@elh=\skip57
\f@nch@O@erh=\skip58
\f@nch@O@olh=\skip59
\f@nch@O@orh=\skip60
\f@nch@O@elf=\skip61
\f@nch@O@erf=\skip62
\f@nch@O@olf=\skip63
\f@nch@O@orf=\skip64
) (d:/texlive/texmf-dist/tex/latex/titlesec/titlesec.sty
Package: titlesec 2021/07/05 v2.14 Sectioning titles
\ttl@box=\box56
\beforetitleunit=\skip65
\aftertitleunit=\skip66
\ttl@plus=\dimen180
\ttl@minus=\dimen181
\ttl@toksa=\toks25
\titlewidth=\dimen182
\titlewidthlast=\dimen183
\titlewidthfirst=\dimen184
) (d:/texlive/texmf-dist/tex/latex/cjk/texinput/UTF8/UTF8.enc
File: UTF8.enc 2021/10/16 4.8.5
) (d:/texlive/texmf-dist/tex/latex/cjk/texinput/UTF8/UTF8.chr
File: UTF8.chr 2021/10/16 4.8.5
) (./2103010312Êü≥Ê≥ΩËæ∞.aux

LaTeX Warning: Label `fig:location' multiply defined.


LaTeX Warning: Label `tab:wave_runup_calculation' multiply defined.


LaTeX Warning: Label `tab:design_parameters' multiply defined.

)
\openout1 = `2103010312Êü≥Ê≥ΩËæ∞.aux'.

LaTeX Font Info:    Checking defaults for OML/cmm/m/it on input line 45.
LaTeX Font Info:    ... okay on input line 45.
LaTeX Font Info:    Checking defaults for OMS/cmsy/m/n on input line 45.
LaTeX Font Info:    ... okay on input line 45.
LaTeX Font Info:    Checking defaults for OT1/cmr/m/n on input line 45.
LaTeX Font Info:    ... okay on input line 45.
LaTeX Font Info:    Checking defaults for T1/cmr/m/n on input line 45.
LaTeX Font Info:    ... okay on input line 45.
LaTeX Font Info:    Checking defaults for TS1/cmr/m/n on input line 45.
LaTeX Font Info:    ... okay on input line 45.
LaTeX Font Info:    Checking defaults for OMX/cmex/m/n on input line 45.
LaTeX Font Info:    ... okay on input line 45.
LaTeX Font Info:    Checking defaults for U/cmr/m/n on input line 45.
LaTeX Font Info:    ... okay on input line 45.
LaTeX Font Info:    Checking defaults for C00/song/m/n on input line 45.
LaTeX Font Info:    ... okay on input line 45.
LaTeX Font Info:    Checking defaults for C05/song/m/n on input line 45.
LaTeX Font Info:    ... okay on input line 45.
LaTeX Font Info:    Checking defaults for C09/song/m/n on input line 45.
LaTeX Font Info:    ... okay on input line 45.
LaTeX Font Info:    Checking defaults for C10/song/m/n on input line 45.
LaTeX Font Info:    ... okay on input line 45.
LaTeX Font Info:    Checking defaults for C20/song/m/n on input line 45.
LaTeX Font Info:    ... okay on input line 45.
LaTeX Font Info:    Checking defaults for C19/song/m/n on input line 45.
LaTeX Font Info:    ... okay on input line 45.
LaTeX Font Info:    Checking defaults for C40/song/m/n on input line 45.
LaTeX Font Info:    ... okay on input line 45.
LaTeX Font Info:    Checking defaults for C42/song/m/n on input line 45.
LaTeX Font Info:    ... okay on input line 45.
LaTeX Font Info:    Checking defaults for C43/song/m/n on input line 45.
LaTeX Font Info:    ... okay on input line 45.
LaTeX Font Info:    Checking defaults for C50/song/m/n on input line 45.
LaTeX Font Info:    ... okay on input line 45.
LaTeX Font Info:    Checking defaults for C52/song/m/n on input line 45.
LaTeX Font Info:    ... okay on input line 45.
LaTeX Font Info:    Checking defaults for C49/song/m/n on input line 45.
LaTeX Font Info:    ... okay on input line 45.
LaTeX Font Info:    Checking defaults for C60/mj/m/n on input line 45.
LaTeX Font Info:    ... okay on input line 45.
LaTeX Font Info:    Checking defaults for C61/mj/m/n on input line 45.
LaTeX Font Info:    ... okay on input line 45.
LaTeX Font Info:    Checking defaults for C63/mj/m/n on input line 45.
LaTeX Font Info:    ... okay on input line 45.
LaTeX Font Info:    Checking defaults for C64/mj/m/n on input line 45.
LaTeX Font Info:    ... okay on input line 45.
LaTeX Font Info:    Checking defaults for C65/mj/m/n on input line 45.
LaTeX Font Info:    ... okay on input line 45.
LaTeX Font Info:    Checking defaults for C70/song/m/n on input line 45.
LaTeX Font Info:    ... okay on input line 45.
LaTeX Font Info:    Checking defaults for C31/song/m/n on input line 45.
LaTeX Font Info:    ... okay on input line 45.
LaTeX Font Info:    Checking defaults for C32/song/m/n on input line 45.
LaTeX Font Info:    ... okay on input line 45.
LaTeX Font Info:    Checking defaults for C33/song/m/n on input line 45.
LaTeX Font Info:    ... okay on input line 45.
LaTeX Font Info:    Checking defaults for C34/song/m/n on input line 45.
LaTeX Font Info:    ... okay on input line 45.
LaTeX Font Info:    Checking defaults for C35/song/m/n on input line 45.
LaTeX Font Info:    ... okay on input line 45.
LaTeX Font Info:    Checking defaults for C36/song/m/n on input line 45.
LaTeX Font Info:    ... okay on input line 45.
LaTeX Font Info:    Checking defaults for C37/song/m/n on input line 45.
LaTeX Font Info:    ... okay on input line 45.
LaTeX Font Info:    Checking defaults for C80/song/m/n on input line 45.
LaTeX Font Info:    ... okay on input line 45.
LaTeX Font Info:    Checking defaults for C81/song/m/n on input line 45.
LaTeX Font Info:    ... okay on input line 45.
LaTeX Font Info:    Checking defaults for C01/song/m/n on input line 45.
LaTeX Font Info:    ... okay on input line 45.
LaTeX Font Info:    Checking defaults for C11/song/m/n on input line 45.
LaTeX Font Info:    ... okay on input line 45.
LaTeX Font Info:    Checking defaults for C21/song/m/n on input line 45.
LaTeX Font Info:    ... okay on input line 45.
LaTeX Font Info:    Checking defaults for C41/song/m/n on input line 45.
LaTeX Font Info:    ... okay on input line 45.
LaTeX Font Info:    Checking defaults for C62/song/m/n on input line 45.
LaTeX Font Info:    ... okay on input line 45.
LaTeX Font Info:    Checking defaults for PD1/pdf/m/n on input line 45.
LaTeX Font Info:    ... okay on input line 45.
LaTeX Font Info:    Checking defaults for PU/pdf/m/n on input line 45.
LaTeX Font Info:    ... okay on input line 45.

*geometry* driver: auto-detecting
*geometry* detected driver: pdftex
*geometry* verbose mode - [ preamble ] result:
* driver: pdftex
* paper: a4paper
* layout: <same size as paper>
* layoutoffset:(h,v)=(0.0pt,0.0pt)
* modes: 
* h-part:(L,W,R)=(42.67912pt, 512.14963pt, 42.67912pt)
* v-part:(T,H,B)=(42.67912pt, 759.6886pt, 42.67912pt)
* \paperwidth=597.50787pt
* \paperheight=845.04684pt
* \textwidth=512.14963pt
* \textheight=759.6886pt
* \oddsidemargin=-29.59087pt
* \evensidemargin=-29.59087pt
* \topmargin=-67.2381pt
* \headheight=12.64723pt
* \headsep=25.0pt
* \topskip=12.0pt
* \footskip=30.0pt
* \marginparwidth=35.0pt
* \marginparsep=10.0pt
* \columnsep=10.0pt
* \skip\footins=10.8pt plus 4.0pt minus 2.0pt
* \hoffset=0.0pt
* \voffset=0.0pt
* \mag=1000
* \@twocolumnfalse
* \@twosidefalse
* \@mparswitchfalse
* \@reversemarginfalse
* (1in=72.27pt=25.4mm, 1cm=28.453pt)

(d:/texlive/texmf-dist/tex/context/base/mkii/supp-pdf.mkii
[Loading MPS to PDF converter (version 2006.09.02).]
\scratchcounter=\count300
\scratchdimen=\dimen185
\scratchbox=\box57
\nofMPsegments=\count301
\nofMParguments=\count302
\everyMPshowfont=\toks26
\MPscratchCnt=\count303
\MPscratchDim=\dimen186
\MPnumerator=\count304
\makeMPintoPDFobject=\count305
\everyMPtoPDFconversion=\toks27
) (d:/texlive/texmf-dist/tex/latex/epstopdf-pkg/epstopdf-base.sty
Package: epstopdf-base 2020-01-24 v2.11 Base part for package epstopdf
Package epstopdf-base Info: Redefining graphics rule for `.eps' on input line 485.
 (d:/texlive/texmf-dist/tex/latex/latexconfig/epstopdf-sys.cfg
File: epstopdf-sys.cfg 2010/07/13 v1.3 Configuration of (r)epstopdf for TeX Live
)) (d:/texlive/texmf-dist/tex/latex/graphics/color.sty
Package: color 2022/01/06 v1.3d Standard LaTeX Color (DPC)
 (d:/texlive/texmf-dist/tex/latex/graphics-cfg/color.cfg
File: color.cfg 2016/01/02 v1.6 sample color configuration
)
Package color Info: Driver file: pdftex.def on input line 149.
 (d:/texlive/texmf-dist/tex/latex/graphics/mathcolor.ltx))
Package hyperref Info: Link coloring ON on input line 45.
 (./2103010312Êü≥Ê≥ΩËæ∞.out) (./2103010312Êü≥Ê≥ΩËæ∞.out)
\@outlinefile=\write3
\openout3 = `2103010312Êü≥Ê≥ΩËæ∞.out'.

LaTeX Font Info:    Trying to load font information for C70+rm on input line 48.
 (d:/texlive/texmf-dist/tex/latex/ctex/fd/c70rm.fd
File: c70rm.fd 2022/07/14 v2.5.10 Chinese font definition (CTEX)
)
LaTeX Font Info:    Trying to load font information for U+msa on input line 48.
 (d:/texlive/texmf-dist/tex/latex/amsfonts/umsa.fd
File: umsa.fd 2013/01/14 v3.01 AMS symbols A
)
LaTeX Font Info:    Trying to load font information for U+msb on input line 48.
 (d:/texlive/texmf-dist/tex/latex/amsfonts/umsb.fd
File: umsb.fd 2013/01/14 v3.01 AMS symbols B
) (d:/texlive/texmf-dist/tex/generic/ctex/zhmap/ctex-zhmap-windows.tex
File: ctex-zhmap-windows.tex 2022/07/14 v2.5.10 Windows font map loader for pdfTeX and DVIPDFMx (CTEX)
{d:/texlive/texmf-var/fonts/map/pdftex/updmap/pdftex.map}{UGBK.sfd}{Unicode.sfd}) [1

] (./2103010312Êü≥Ê≥ΩËæ∞.toc

Package fancyhdr Warning: \headheight is too small (12.64723pt): 
(fancyhdr)                Make it at least 14.49998pt, for example:
(fancyhdr)                \setlength{\headheight}{14.49998pt}.
(fancyhdr)                You might also make \topmargin smaller to compensate:
(fancyhdr)                \addtolength{\topmargin}{-1.85275pt}.

[2]
Package CJKpunct Info: use punctuation spaces for family 'rm' with punctstyle (quanjiao) on input line 56.


Package fancyhdr Warning: \headheight is too small (12.64723pt): 
(fancyhdr)                Make it at least 14.49998pt, for example:
(fancyhdr)                \setlength{\headheight}{14.49998pt}.
(fancyhdr)                You might also make \topmargin smaller to compensate:
(fancyhdr)                \addtolength{\topmargin}{-1.85275pt}.

[3])
\tf@toc=\write4
\openout4 = `2103010312Êü≥Ê≥ΩËæ∞.toc'.



Package fancyhdr Warning: \headheight is too small (12.64723pt): 
(fancyhdr)                Make it at least 14.49998pt, for example:
(fancyhdr)                \setlength{\headheight}{14.49998pt}.
(fancyhdr)                You might also make \topmargin smaller to compensate:
(fancyhdr)                \addtolength{\topmargin}{-1.85275pt}.

[4]
Overfull \hbox (35.59438pt too wide) in paragraph at lines 66--67
[]\C70/rm/m/n/12/6d ^^^ \C70/rm/m/n/12/59 4 \C70/rm/m/n/12/53 ø \C70/rm/m/n/12/9e ƒ \C70/rm/m/n/12/5c ô \C70/rm/m/n/12/4e å \C70/rm/m/n/12/67 ^^_ \C70/rm/m/n/12/56 Ù \C70/rm/m/n/12/6d Ç \C70/rm/m/n/12/5d Â \C70/rm/m/n/12/7a  \C70/rm/m/n/12/4f M \C70/rm/m/n/12/4e é \C70/rm/m/n/12/6d ^^^ \C70/rm/m/n/12/59 4 \C70/rm/m/n/12/53 ø \C70/rm/m/n/12/59 ' \C70/rm/m/n/12/95 Ë \C70/rm/m/n/12/5c õ \C70/rm/m/n/12/53 W \C70/rm/m/n/12/90 Ë \C70/rm/m/n/12/9e ƒ \C70/rm/m/n/12/5c ô \C70/rm/m/n/12/6d w Ç \C70/rm/m/n/12/97 b \C70/rm/m/n/12/4e 
|\C70/rm/m/n/12/ff ^^L| \C70/rm/m/n/12/75 L \C70/rm/m/n/12/4e é \C70/rm/m/n/12/53 ^^W \C70/rm/m/n/12/7e ¨\OT1/cmr/m/n/12 27\TS1/cmr/m/n/12 ∞\OT1/cmr/m/n/12 57\C70/rm/m/n/12/20 2\OT1/cmr/m/n/12 33\C70/rm/m/n/12/20 3$\OMS/cmsy/m/n/12 ^^X$\OT1/cmr/m/n/12 27\TS1/cmr/m/n/12 ∞\OT1/cmr/m/n/12 59\C70/rm/m/n/12/20 2\OT1/cmr/m/n/12 18\C70/rm/m/n/12/20 3|\C70/rm/m/n/12/ff ^^L|
 []

<9.png, id=538, 474.573pt x 321.6015pt>
File: 9.png Graphic file (type png)
<use 9.png>
Package pdftex.def Info: 9.png  used on input line 71.
(pdftex.def)             Requested size: 358.50317pt x 242.9475pt.
<1.png, id=539, 422.17725pt x 302.3295pt>
File: 1.png Graphic file (type png)
<use 1.png>
Package pdftex.def Info: 1.png  used on input line 82.
(pdftex.def)             Requested size: 358.50317pt x 256.7414pt.

LaTeX Warning: `h' float specifier changed to `ht'.


Package fancyhdr Warning: \headheight is too small (12.64723pt): 
(fancyhdr)                Make it at least 14.49998pt, for example:
(fancyhdr)                \setlength{\headheight}{14.49998pt}.
(fancyhdr)                You might also make \topmargin smaller to compensate:
(fancyhdr)                \addtolength{\topmargin}{-1.85275pt}.

[5{d:/texlive/texmf-dist/fonts/enc/dvips/cm-super/cm-super-ts1.enc} <./9.png (PNG copy)>]

Package fancyhdr Warning: \headheight is too small (12.64723pt): 
(fancyhdr)                Make it at least 14.49998pt, for example:
(fancyhdr)                \setlength{\headheight}{14.49998pt}.
(fancyhdr)                You might also make \topmargin smaller to compensate:
(fancyhdr)                \addtolength{\topmargin}{-1.85275pt}.

[6 <./1.png>]
Overfull \hbox (4.21666pt too wide) in paragraph at lines 137--138
\C70/rm/m/n/12/4e ; \C70/rm/m/n/12/89 Å \C70/rm/m/n/12/52 ^^F \C70/rm/m/n/12/5e ^^C \C70/rm/m/n/12/4e é \C70/rm/m/n/12/59 ' \C70/rm/m/n/12/95 Ë \C70/rm/m/n/12/5c õ \C70/rm/m/n/12/4e Â \C70/rm/m/n/12/53   \C70/rm/m/n/12/9e ^^? \C70/rm/m/n/12/89 ^^?|\C70/rm/m/n/12/30 ^^A| \C70/rm/m/n/12/97 ^^S \C70/rm/m/n/12/5c ^^?|\C70/rm/m/n/12/30 ^^A| \C70/rm/m/n/12/72 ∂ \C70/rm/m/n/12/51 C \C70/rm/m/n/12/5c ô \C70/rm/m/n/12/7b I \C70/rm/m/n/12/5c õ \C70/rm/m/n/12/76 Ñ \C70/rm/m/n/12/4e - \C70/rm/m/n/12/90 Ë \C70/rm/m/n/12/54 å \C70/rm/m/n/12/6d ^^^ \C70/rm/m/n/12/59 4 \C70/rm/m/n/12/5c õ \C70/rm/m/n/12/76 Ñ \C70/rm/m/n/12/89 ^^? \C70/rm/m/n/12/90 Ë|\C70/rm/m/n/12/ff ^^L| \C70/rm/m/n/12/5c q \C70/rm/m/n/12/57 a \C70/rm/m/n/12/8f É \C70/rm/m/n/12/96 a|\C70/rm/m/n/12/ff ^^L| \C70/rm/m/n/12/4e ^^@ \C70/rm/m/n/12/82 , \C70/rm/m/n/12/57 a \C70/rm/m/n/12/5e ¶$\OT1/cmr/m/n/12 30[] \OMS/cmsy/m/n/12 ^^X
 []


Package fancyhdr Warning: \headheight is too small (12.64723pt): 
(fancyhdr)                Make it at least 14.49998pt, for example:
(fancyhdr)                \setlength{\headheight}{14.49998pt}.
(fancyhdr)                You might also make \topmargin smaller to compensate:
(fancyhdr)                \addtolength{\topmargin}{-1.85275pt}.

[7]

Package fancyhdr Warning: \headheight is too small (12.64723pt): 
(fancyhdr)                Make it at least 14.49998pt, for example:
(fancyhdr)                \setlength{\headheight}{14.49998pt}.
(fancyhdr)                You might also make \topmargin smaller to compensate:
(fancyhdr)                \addtolength{\topmargin}{-1.85275pt}.

[8]
Overfull \hbox (2.16316pt too wide) detected at line 192
\OML/cmm/m/it/12 w \OT1/cmr/m/n/12 = 51\OML/cmm/m/it/12 :\OT1/cmr/m/n/12 7%\OML/cmm/m/it/12 ;  ^^Z \OT1/cmr/m/n/12 = 1\OML/cmm/m/it/12 :\OT1/cmr/m/n/12 71 [][]\OML/cmm/m/it/12 ;  ^^Z[] \OT1/cmr/m/n/12 = 1\OML/cmm/m/it/12 :\OT1/cmr/m/n/12 13 [][]\OML/cmm/m/it/12 ;  E[][] \OT1/cmr/m/n/12 = 2\OML/cmm/m/it/12 :\OT1/cmr/m/n/12 317 []\OML/cmm/m/it/12 ;  C \OT1/cmr/m/n/12 = 3\OML/cmm/m/it/12 :\OT1/cmr/m/n/12 5 []\OML/cmm/m/it/12 ;  ' \OT1/cmr/m/n/12 = 2\OML/cmm/m/it/12 :\OT1/cmr/m/n/12 5[]\OML/cmm/m/it/12 ;  f[] \OT1/cmr/m/n/12 = 75 []
 []


Package fancyhdr Warning: \headheight is too small (12.64723pt): 
(fancyhdr)                Make it at least 14.49998pt, for example:
(fancyhdr)                \setlength{\headheight}{14.49998pt}.
(fancyhdr)                You might also make \topmargin smaller to compensate:
(fancyhdr)                \addtolength{\topmargin}{-1.85275pt}.

[9]
Overfull \hbox (2.16316pt too wide) detected at line 198
\OML/cmm/m/it/12 w \OT1/cmr/m/n/12 = 68\OML/cmm/m/it/12 :\OT1/cmr/m/n/12 5%\OML/cmm/m/it/12 ;  ^^Z \OT1/cmr/m/n/12 = 1\OML/cmm/m/it/12 :\OT1/cmr/m/n/12 60 [][]\OML/cmm/m/it/12 ;  ^^Z[] \OT1/cmr/m/n/12 = 0\OML/cmm/m/it/12 :\OT1/cmr/m/n/12 95 [][]\OML/cmm/m/it/12 ;  E[][] \OT1/cmr/m/n/12 = 1\OML/cmm/m/it/12 :\OT1/cmr/m/n/12 240 []\OML/cmm/m/it/12 ;  C \OT1/cmr/m/n/12 = 6\OML/cmm/m/it/12 :\OT1/cmr/m/n/12 5 []\OML/cmm/m/it/12 ;  ' \OT1/cmr/m/n/12 = 1\OML/cmm/m/it/12 :\OT1/cmr/m/n/12 6[]\OML/cmm/m/it/12 ;  f[] \OT1/cmr/m/n/12 = 50 []
 []


Overfull \hbox (8.0381pt too wide) detected at line 204
\OML/cmm/m/it/12 w \OT1/cmr/m/n/12 = 61\OML/cmm/m/it/12 :\OT1/cmr/m/n/12 7%\OML/cmm/m/it/12 ;  ^^Z \OT1/cmr/m/n/12 = 1\OML/cmm/m/it/12 :\OT1/cmr/m/n/12 63 [][]\OML/cmm/m/it/12 ;  ^^Z[] \OT1/cmr/m/n/12 = 1\OML/cmm/m/it/12 :\OT1/cmr/m/n/12 01 [][]\OML/cmm/m/it/12 ;  E[][] \OT1/cmr/m/n/12 = 1\OML/cmm/m/it/12 :\OT1/cmr/m/n/12 804 []\OML/cmm/m/it/12 ;  C \OT1/cmr/m/n/12 = 12\OML/cmm/m/it/12 :\OT1/cmr/m/n/12 4 []\OML/cmm/m/it/12 ;  ' \OT1/cmr/m/n/12 = 2\OML/cmm/m/it/12 :\OT1/cmr/m/n/12 8[]\OML/cmm/m/it/12 ;  f[] \OT1/cmr/m/n/12 = 65 []
 []


Overfull \hbox (8.0381pt too wide) detected at line 210
\OML/cmm/m/it/12 w \OT1/cmr/m/n/12 = 51\OML/cmm/m/it/12 :\OT1/cmr/m/n/12 4%\OML/cmm/m/it/12 ;  ^^Z \OT1/cmr/m/n/12 = 1\OML/cmm/m/it/12 :\OT1/cmr/m/n/12 70 [][]\OML/cmm/m/it/12 ;  ^^Z[] \OT1/cmr/m/n/12 = 1\OML/cmm/m/it/12 :\OT1/cmr/m/n/12 13 [][]\OML/cmm/m/it/12 ;  E[][] \OT1/cmr/m/n/12 = 1\OML/cmm/m/it/12 :\OT1/cmr/m/n/12 707 []\OML/cmm/m/it/12 ;  C \OT1/cmr/m/n/12 = 14\OML/cmm/m/it/12 :\OT1/cmr/m/n/12 1 []\OML/cmm/m/it/12 ;  ' \OT1/cmr/m/n/12 = 4\OML/cmm/m/it/12 :\OT1/cmr/m/n/12 1[]\OML/cmm/m/it/12 ;  f[] \OT1/cmr/m/n/12 = 70 []
 []


Overfull \hbox (8.0381pt too wide) detected at line 216
\OML/cmm/m/it/12 w \OT1/cmr/m/n/12 = 40\OML/cmm/m/it/12 :\OT1/cmr/m/n/12 6%\OML/cmm/m/it/12 ;  ^^Z \OT1/cmr/m/n/12 = 1\OML/cmm/m/it/12 :\OT1/cmr/m/n/12 78 [][]\OML/cmm/m/it/12 ;  ^^Z[] \OT1/cmr/m/n/12 = 1\OML/cmm/m/it/12 :\OT1/cmr/m/n/12 27 [][]\OML/cmm/m/it/12 ;  E[][] \OT1/cmr/m/n/12 = 3\OML/cmm/m/it/12 :\OT1/cmr/m/n/12 160 []\OML/cmm/m/it/12 ;  C \OT1/cmr/m/n/12 = 15\OML/cmm/m/it/12 :\OT1/cmr/m/n/12 5 []\OML/cmm/m/it/12 ;  ' \OT1/cmr/m/n/12 = 8\OML/cmm/m/it/12 :\OT1/cmr/m/n/12 6[]\OML/cmm/m/it/12 ;  f[] \OT1/cmr/m/n/12 = 90 []
 []


Overfull \hbox (8.0381pt too wide) detected at line 222
\OML/cmm/m/it/12 w \OT1/cmr/m/n/12 = 49\OML/cmm/m/it/12 :\OT1/cmr/m/n/12 2%\OML/cmm/m/it/12 ;  ^^Z \OT1/cmr/m/n/12 = 1\OML/cmm/m/it/12 :\OT1/cmr/m/n/12 71 [][]\OML/cmm/m/it/12 ;  ^^Z[] \OT1/cmr/m/n/12 = 1\OML/cmm/m/it/12 :\OT1/cmr/m/n/12 15 [][]\OML/cmm/m/it/12 ;  E[][] \OT1/cmr/m/n/12 = 2\OML/cmm/m/it/12 :\OT1/cmr/m/n/12 606 []\OML/cmm/m/it/12 ;  C \OT1/cmr/m/n/12 = 15\OML/cmm/m/it/12 :\OT1/cmr/m/n/12 7 []\OML/cmm/m/it/12 ;  ' \OT1/cmr/m/n/12 = 5\OML/cmm/m/it/12 :\OT1/cmr/m/n/12 4[]\OML/cmm/m/it/12 ;  f[] \OT1/cmr/m/n/12 = 80 []
 []


Overfull \hbox (8.0381pt too wide) detected at line 228
\OML/cmm/m/it/12 w \OT1/cmr/m/n/12 = 49\OML/cmm/m/it/12 :\OT1/cmr/m/n/12 5%\OML/cmm/m/it/12 ;  ^^Z \OT1/cmr/m/n/12 = 1\OML/cmm/m/it/12 :\OT1/cmr/m/n/12 70 [][]\OML/cmm/m/it/12 ;  ^^Z[] \OT1/cmr/m/n/12 = 1\OML/cmm/m/it/12 :\OT1/cmr/m/n/12 14 [][]\OML/cmm/m/it/12 ;  E[][] \OT1/cmr/m/n/12 = 2\OML/cmm/m/it/12 :\OT1/cmr/m/n/12 756 []\OML/cmm/m/it/12 ;  C \OT1/cmr/m/n/12 = 15\OML/cmm/m/it/12 :\OT1/cmr/m/n/12 4 []\OML/cmm/m/it/12 ;  ' \OT1/cmr/m/n/12 = 5\OML/cmm/m/it/12 :\OT1/cmr/m/n/12 8[]\OML/cmm/m/it/12 ;  f[] \OT1/cmr/m/n/12 = 85 []
 []


Package fancyhdr Warning: \headheight is too small (12.64723pt): 
(fancyhdr)                Make it at least 14.49998pt, for example:
(fancyhdr)                \setlength{\headheight}{14.49998pt}.
(fancyhdr)                You might also make \topmargin smaller to compensate:
(fancyhdr)                \addtolength{\topmargin}{-1.85275pt}.

[10]
Overfull \hbox (13.91304pt too wide) detected at line 234
\OML/cmm/m/it/12 w \OT1/cmr/m/n/12 = 54\OML/cmm/m/it/12 :\OT1/cmr/m/n/12 8%\OML/cmm/m/it/12 ;  ^^Z \OT1/cmr/m/n/12 = 1\OML/cmm/m/it/12 :\OT1/cmr/m/n/12 66 [][]\OML/cmm/m/it/12 ;  ^^Z[] \OT1/cmr/m/n/12 = 1\OML/cmm/m/it/12 :\OT1/cmr/m/n/12 07 [][]\OML/cmm/m/it/12 ;  E[][] \OT1/cmr/m/n/12 = 2\OML/cmm/m/it/12 :\OT1/cmr/m/n/12 4102 []\OML/cmm/m/it/12 ;  C \OT1/cmr/m/n/12 = 13\OML/cmm/m/it/12 :\OT1/cmr/m/n/12 4 []\OML/cmm/m/it/12 ;  ' \OT1/cmr/m/n/12 = 5\OML/cmm/m/it/12 :\OT1/cmr/m/n/12 1[]\OML/cmm/m/it/12 ;  f[] \OT1/cmr/m/n/12 = 75 []
 []


Overfull \hbox (8.0381pt too wide) detected at line 240
\OML/cmm/m/it/12 w \OT1/cmr/m/n/12 = 38\OML/cmm/m/it/12 :\OT1/cmr/m/n/12 5%\OML/cmm/m/it/12 ;  ^^Z \OT1/cmr/m/n/12 = 1\OML/cmm/m/it/12 :\OT1/cmr/m/n/12 78 [][]\OML/cmm/m/it/12 ;  ^^Z[] \OT1/cmr/m/n/12 = 1\OML/cmm/m/it/12 :\OT1/cmr/m/n/12 30 [][]\OML/cmm/m/it/12 ;  E[][] \OT1/cmr/m/n/12 = 2\OML/cmm/m/it/12 :\OT1/cmr/m/n/12 978 []\OML/cmm/m/it/12 ;  C \OT1/cmr/m/n/12 = 16\OML/cmm/m/it/12 :\OT1/cmr/m/n/12 0 []\OML/cmm/m/it/12 ;  ' \OT1/cmr/m/n/12 = 4\OML/cmm/m/it/12 :\OT1/cmr/m/n/12 4[]\OML/cmm/m/it/12 ;  f[] \OT1/cmr/m/n/12 = 90 []
 []


Overfull \hbox (13.91304pt too wide) detected at line 246
\OML/cmm/m/it/12 w \OT1/cmr/m/n/12 = 48\OML/cmm/m/it/12 :\OT1/cmr/m/n/12 4%\OML/cmm/m/it/12 ;  ^^Z \OT1/cmr/m/n/12 = 1\OML/cmm/m/it/12 :\OT1/cmr/m/n/12 71 [][]\OML/cmm/m/it/12 ;  ^^Z[] \OT1/cmr/m/n/12 = 1\OML/cmm/m/it/12 :\OT1/cmr/m/n/12 17 [][]\OML/cmm/m/it/12 ;  E[][] \OT1/cmr/m/n/12 = 4\OML/cmm/m/it/12 :\OT1/cmr/m/n/12 066 []\OML/cmm/m/it/12 ;  C \OT1/cmr/m/n/12 = 22\OML/cmm/m/it/12 :\OT1/cmr/m/n/12 0 []\OML/cmm/m/it/12 ;  ' \OT1/cmr/m/n/12 = 5\OML/cmm/m/it/12 :\OT1/cmr/m/n/12 0[]\OML/cmm/m/it/12 ;  f[] \OT1/cmr/m/n/12 = 100 []
 []


Overfull \hbox (8.0381pt too wide) detected at line 252
\OML/cmm/m/it/12 w \OT1/cmr/m/n/12 = 31\OML/cmm/m/it/12 :\OT1/cmr/m/n/12 4%\OML/cmm/m/it/12 ;  ^^Z \OT1/cmr/m/n/12 = 1\OML/cmm/m/it/12 :\OT1/cmr/m/n/12 91 [][]\OML/cmm/m/it/12 ;  ^^Z[] \OT1/cmr/m/n/12 = 1\OML/cmm/m/it/12 :\OT1/cmr/m/n/12 45 [][]\OML/cmm/m/it/12 ;  E[][] \OT1/cmr/m/n/12 = 3\OML/cmm/m/it/12 :\OT1/cmr/m/n/12 152 []\OML/cmm/m/it/12 ;  C \OT1/cmr/m/n/12 = 9\OML/cmm/m/it/12 :\OT1/cmr/m/n/12 8 []\OML/cmm/m/it/12 ;  ' \OT1/cmr/m/n/12 = 20\OML/cmm/m/it/12 :\OT1/cmr/m/n/12 8[]\OML/cmm/m/it/12 ;  f[] \OT1/cmr/m/n/12 = 95 []
 []


Package fancyhdr Warning: \headheight is too small (12.64723pt): 
(fancyhdr)                Make it at least 14.49998pt, for example:
(fancyhdr)                \setlength{\headheight}{14.49998pt}.
(fancyhdr)                You might also make \topmargin smaller to compensate:
(fancyhdr)                \addtolength{\topmargin}{-1.85275pt}.

[11]
Overfull \hbox (30.66095pt too wide) in paragraph at lines 276--277
[]\C70/rm/m/n/12/6d ^^^ \C70/rm/m/n/12/59 4 \C70/rm/m/n/12/53 ø \C70/rm/m/n/12/66 / \C70/rm/m/n/12/51 h \C70/rm/m/n/12/56 ˝\OT1/cmr/m/n/12 12\C70/rm/m/n/12/4e * \C70/rm/m/n/12/6d w \C70/rm/m/n/12/5c õ \C70/rm/m/n/12/53 ø \C70/rm/m/n/12/4e K ^^@|\C70/rm/m/n/12/ff ^^L| \C70/rm/m/n/12/53 ø \C70/rm/m/n/12/57 ﬂ \C70/rm/m/n/12/60 ; \C70/rm/m/n/12/97 b \C70/rm/m/n/12/79 Ô\OT1/cmr/m/n/12 892.3km$[]$|\C70/rm/m/n/12/ff ^^L| \C70/rm/m/n/12/51 v \C70/rm/m/n/12/4e - \C70/rm/m/n/12/96 F \C70/rm/m/n/12/57 0 \C70/rm/m/n/12/97 b \C70/rm/m/n/12/79 Ô\OT1/cmr/m/n/12 100.3km$[]$|\C70/rm/m/n/12/ff ^^L| \C70/rm/m/n/12/6d w \C70/rm/m/n/12/57 ﬂ \C70/rm/m/n/12/97 b \C70/rm/m/n/12/79 Ô \C70/rm/m/n/12/4e :\OT1/cmr/m/n/12 792km$[]$|\C70/rm/m/n/12/ff ^^L|
 []


Overfull \hbox (5.1246pt too wide) in paragraph at lines 278--279
[]\C70/rm/m/n/12/9e ƒ \C70/rm/m/n/12/5c ô \C70/rm/m/n/12/4e å \C70/rm/m/n/12/67 ^^_ \C70/rm/m/n/12/56 Ù \C70/rm/m/n/12/6d Ç \C70/rm/m/n/12/5d Â \C70/rm/m/n/12/7a  \C70/rm/m/n/12/89 ^^? \C70/rm/m/n/12/8d w \C70/rm/m/n/12/4e  L Ÿ \C70/rm/m/n/12/76 Ñ \C70/rm/m/n/12/4e L Ÿ \C70/rm/m/n/12/59 4 \C70/rm/m/n/12/56 4|\C70/rm/m/n/12/ff ^^L| \C70/rm/m/n/12/4e ^^\ \C70/rm/m/n/12/81 Û \C70/rm/m/n/12/6f m \C70/rm/m/n/12/59 4|\C70/rm/m/n/12/ff ^^L| \C70/rm/m/n/12/4e ^^\ \C70/rm/m/n/12/89 ^^? \C70/rm/m/n/12/54 ^^Q \C70/rm/m/n/12/95 ^^? \C70/rm/m/n/12/7e ¶\OT1/cmr/m/n/12 4.0km|\C70/rm/m/n/12/ff ^^L| \C70/rm/m/n/12/53 W ^^W \C70/rm/m/n/12/54 ^^Q \C70/rm/m/n/12/5e s \C70/rm/m/n/12/57 G \C70/rm/m/n/12/79 ª \C70/rm/m/n/12/5c ∏\OT1/cmr/m/n/12 1km
 []


Package fancyhdr Warning: \headheight is too small (12.64723pt): 
(fancyhdr)                Make it at least 14.49998pt, for example:
(fancyhdr)                \setlength{\headheight}{14.49998pt}.
(fancyhdr)                You might also make \topmargin smaller to compensate:
(fancyhdr)                \addtolength{\topmargin}{-1.85275pt}.

[12]

LaTeX Warning: `h' float specifier changed to `ht'.


LaTeX Warning: `h' float specifier changed to `ht'.


Overfull \hbox (3.62589pt too wide) in paragraph at lines 377--379
\C70/rm/m/n/12/5e s \C70/rm/m/n/12/57 G \C70/rm/m/n/12/5f Ñ \C70/rm/m/n/12/6d A Ò\OT1/cmr/m/n/12 525mm |\C70/rm/m/n/12/ff ^^H|\C70/rm/m/n/12/5e t \C70/rm/m/n/12/5f Ñ \C70/rm/m/n/12/6d A \C70/rm/m/n/12/8f « \C70/rm/m/n/12/7a  \C70/rm/m/n/12/7e ø \C70/rm/m/n/12/89 ¡ \C70/rm/m/n/12/56 ˛\OT1/cmr/m/n/12 3|\C70/rm/m/n/12/ff 	||^^L| \C70/rm/m/n/12/67 ^^@ \C70/rm/m/n/12/4e 0 \C70/rm/m/n/12/5e t\OT1/cmr/m/n/12 961.7mm |\C70/rm/m/n/12/ff ^^H|\OT1/cmr/m/n/12 1962\C70/rm/m/n/12/5e t|\C70/rm/m/n/12/ff 	||^^L| \C70/rm/m/n/12/67 ^^@ Ø \C70/rm/m/n/12/5e t\OT1/cmr/m/n/12 130.0mm |\C70/rm/m/n/12/ff ^^H|\OT1/cmr/m/n/12 1971\C70/rm/m/n/12/5e t|\C70/rm/m/n/12/ff 	||\C70/rm/m/n/12/30 ^^B|
 []


Package fancyhdr Warning: \headheight is too small (12.64723pt): 
(fancyhdr)                Make it at least 14.49998pt, for example:
(fancyhdr)                \setlength{\headheight}{14.49998pt}.
(fancyhdr)                You might also make \topmargin smaller to compensate:
(fancyhdr)                \addtolength{\topmargin}{-1.85275pt}.

[13]
<3.png, id=655, 295.1025pt x 173.448pt>
File: 3.png Graphic file (type png)
<use 3.png>
Package pdftex.def Info: 3.png  used on input line 382.
(pdftex.def)             Requested size: 358.50317pt x 210.71698pt.


LaTeX Warning: `h' float specifier changed to `ht'.


Overfull \hbox (19.46407pt too wide) in paragraph at lines 389--392
[]\C70/rm/bx/n/12/8b æ ° \C70/rm/bx/n/12/66 ¥ \C70/rm/bx/n/12/96 Ë \C70/rm/m/n/12/8b æ ° \C70/rm/m/n/12/66 ¥ \C70/rm/m/n/12/96 Ë \C70/rm/m/n/12/90 	 \C70/rm/m/n/12/75 ( \C70/rm/m/n/12/8d › \C70/rm/m/n/12/67 , \C70/rm/m/n/12/5d Â \C70/rm/m/n/12/7a  \C70/rm/m/n/12/67 ^^@ \C70/rm/m/n/12/8f — \C70/rm/m/n/12/76 Ñ \C70/rm/m/n/12/6d ^^^ \C70/rm/m/n/12/59 4 \C70/rm/m/n/12/7a Ÿ \C70/rm/m/n/12/8d D \C70/rm/m/n/12/65 ô \C70/rm/m/n/12/4e : „ \C70/rm/m/n/12/88 h|\C70/rm/m/n/12/ff ^^L| \C70/rm/m/n/12/5e t \C70/rm/m/n/12/67 ^^@ \C70/rm/m/n/12/59 ' \C70/rm/m/n/12/66 ¥ \C70/rm/m/n/12/96 Ë \C70/rm/m/n/12/7c ˚ \C70/rm/m/n/12/52 ^^W \C70/rm/m/n/12/4e :\OT1/cmr/m/n/12 1957$\OMS/cmsy/m/n/12 ^^X$\OT1/cmr/m/n/12 2005\C70/rm/m/n/12/51 q\OT1/cmr/m/n/12 48\C70/rm/m/n/12/5e t|\C70/rm/m/n/12/30 ^^B|
 []

<4.png, id=656, 295.1025pt x 173.448pt>
File: 4.png Graphic file (type png)
<use 4.png>
Package pdftex.def Info: 4.png  used on input line 395.
(pdftex.def)             Requested size: 358.50317pt x 210.71698pt.

LaTeX Warning: `h' float specifier changed to `ht'.

<5.png, id=657, 296.307pt x 182.48175pt>
File: 5.png Graphic file (type png)
<use 5.png>
Package pdftex.def Info: 5.png  used on input line 401.
(pdftex.def)             Requested size: 358.50317pt x 220.80359pt.

LaTeX Warning: `h' float specifier changed to `ht'.


Package fancyhdr Warning: \headheight is too small (12.64723pt): 
(fancyhdr)                Make it at least 14.49998pt, for example:
(fancyhdr)                \setlength{\headheight}{14.49998pt}.
(fancyhdr)                You might also make \topmargin smaller to compensate:
(fancyhdr)                \addtolength{\topmargin}{-1.85275pt}.

[14]

LaTeX Warning: `h' float specifier changed to `ht'.


Package fancyhdr Warning: \headheight is too small (12.64723pt): 
(fancyhdr)                Make it at least 14.49998pt, for example:
(fancyhdr)                \setlength{\headheight}{14.49998pt}.
(fancyhdr)                You might also make \topmargin smaller to compensate:
(fancyhdr)                \addtolength{\topmargin}{-1.85275pt}.

[15 <./3.png> <./4.png>]

Package fancyhdr Warning: \headheight is too small (12.64723pt): 
(fancyhdr)                Make it at least 14.49998pt, for example:
(fancyhdr)                \setlength{\headheight}{14.49998pt}.
(fancyhdr)                You might also make \topmargin smaller to compensate:
(fancyhdr)                \addtolength{\topmargin}{-1.85275pt}.

[16 <./5.png (PNG copy)>]

Package fancyhdr Warning: \headheight is too small (12.64723pt): 
(fancyhdr)                Make it at least 14.49998pt, for example:
(fancyhdr)                \setlength{\headheight}{14.49998pt}.
(fancyhdr)                You might also make \topmargin smaller to compensate:
(fancyhdr)                \addtolength{\topmargin}{-1.85275pt}.

[17]

Package fancyhdr Warning: \headheight is too small (12.64723pt): 
(fancyhdr)                Make it at least 14.49998pt, for example:
(fancyhdr)                \setlength{\headheight}{14.49998pt}.
(fancyhdr)                You might also make \topmargin smaller to compensate:
(fancyhdr)                \addtolength{\topmargin}{-1.85275pt}.

[18]

Package fancyhdr Warning: \headheight is too small (12.64723pt): 
(fancyhdr)                Make it at least 14.49998pt, for example:
(fancyhdr)                \setlength{\headheight}{14.49998pt}.
(fancyhdr)                You might also make \topmargin smaller to compensate:
(fancyhdr)                \addtolength{\topmargin}{-1.85275pt}.

[19]
<7.png, id=702, 281.853pt x 183.084pt>
File: 7.png Graphic file (type png)
<use 7.png>
Package pdftex.def Info: 7.png  used on input line 601.
(pdftex.def)             Requested size: 256.07481pt x 166.34409pt.
<8.png, id=703, 294.50024pt x 180.675pt>
File: 8.png Graphic file (type png)
<use 8.png>
Package pdftex.def Info: 8.png  used on input line 610.
(pdftex.def)             Requested size: 307.2929pt x 188.54266pt.


LaTeX Warning: `h' float specifier changed to `ht'.


Package fancyhdr Warning: \headheight is too small (12.64723pt): 
(fancyhdr)                Make it at least 14.49998pt, for example:
(fancyhdr)                \setlength{\headheight}{14.49998pt}.
(fancyhdr)                You might also make \topmargin smaller to compensate:
(fancyhdr)                \addtolength{\topmargin}{-1.85275pt}.

[20 <./7.png (PNG copy)> <./8.png>]

Package fancyhdr Warning: \headheight is too small (12.64723pt): 
(fancyhdr)                Make it at least 14.49998pt, for example:
(fancyhdr)                \setlength{\headheight}{14.49998pt}.
(fancyhdr)                You might also make \topmargin smaller to compensate:
(fancyhdr)                \addtolength{\topmargin}{-1.85275pt}.

[21]

Package fancyhdr Warning: \headheight is too small (12.64723pt): 
(fancyhdr)                Make it at least 14.49998pt, for example:
(fancyhdr)                \setlength{\headheight}{14.49998pt}.
(fancyhdr)                You might also make \topmargin smaller to compensate:
(fancyhdr)                \addtolength{\topmargin}{-1.85275pt}.

[22]
Overfull \hbox (5.12505pt too wide) in paragraph at lines 793--796
[]\C70/rm/m/n/12/58 $ \C70/rm/m/n/12/7e ø \C70/rm/m/n/12/81 Í \C70/rm/m/n/12/4e  L Ÿ \C70/rm/m/n/12/54 Ä \C70/rm/m/n/12/5f ^^@ \C70/rm/m/n/12/59 À|\C70/rm/m/n/12/ff ^^L| \C70/rm/m/n/12/4e  L Ÿ \C70/rm/m/n/12/89 ^^? \C70/rm/m/n/12/58 $\OT1/cmr/m/n/12 A1(3092841.265,537309.516)\C70/rm/m/n/12/4e ^^N\OT1/cmr/m/n/12 A2(3092633.598,538905.682)\C70/rm/m/n/12/4e K
 []


Overfull \hbox (309.85878pt too wide) in paragraph at lines 793--796
\C70/rm/m/n/12/95 Ù \C70/rm/m/n/12/76 Ñ \C70/rm/m/n/12/8d › \C70/rm/m/n/12/79 ª \C70/rm/m/n/12/7e ¶ \C70/rm/m/n/12/4e :\OT1/cmr/m/n/12 1.8km|\C70/rm/m/n/12/ff ^^[| \C70/rm/m/n/12/4e  L Ÿ ^^\ \C70/rm/m/n/12/58 $\OT1/cmr/m/n/12 A2\C70/rm/m/n/12/4e ^^N\OT1/cmr/m/n/12 A3(3092176.099,540443.220)\C70/rm/m/n/12/4e K \C70/rm/m/n/12/95 Ù \C70/rm/m/n/12/76 Ñ \C70/rm/m/n/12/8d › \C70/rm/m/n/12/79 ª \C70/rm/m/n/12/7e ¶ \C70/rm/m/n/12/4e :\OT1/cmr/m/n/12 1.4km|\C70/rm/m/n/12/ff ^^[| \C70/rm/m/n/12/76 } \C70/rm/m/n/12/9a l \C70/rm/m/n/12/58 $\OT1/cmr/m/n/12 A4(3092194.584,540733.291)\C70/rm/m/n/12/4e ^^N\OT1/cmr/m/n/12 A5(3092351.400,541417.619)\C70/rm/m/n/12/4e K
 []

<10.png, id=733, 1195.70715pt x 845.19765pt>
File: 10.png Graphic file (type png)
<use 10.png>
Package pdftex.def Info: 10.png  used on input line 802.
(pdftex.def)             Requested size: 409.72125pt x 289.60742pt.

LaTeX Warning: `h' float specifier changed to `ht'.


Package fancyhdr Warning: \headheight is too small (12.64723pt): 
(fancyhdr)                Make it at least 14.49998pt, for example:
(fancyhdr)                \setlength{\headheight}{14.49998pt}.
(fancyhdr)                You might also make \topmargin smaller to compensate:
(fancyhdr)                \addtolength{\topmargin}{-1.85275pt}.

[23]

Package fancyhdr Warning: \headheight is too small (12.64723pt): 
(fancyhdr)                Make it at least 14.49998pt, for example:
(fancyhdr)                \setlength{\headheight}{14.49998pt}.
(fancyhdr)                You might also make \topmargin smaller to compensate:
(fancyhdr)                \addtolength{\topmargin}{-1.85275pt}.

[24 <./10.png>]
Overfull \hbox (50.263pt too wide) in paragraph at lines 884--897
 [][] 
 []


LaTeX Warning: `h' float specifier changed to `ht'.


Package fancyhdr Warning: \headheight is too small (12.64723pt): 
(fancyhdr)                Make it at least 14.49998pt, for example:
(fancyhdr)                \setlength{\headheight}{14.49998pt}.
(fancyhdr)                You might also make \topmargin smaller to compensate:
(fancyhdr)                \addtolength{\topmargin}{-1.85275pt}.

[25]

LaTeX Warning: `h' float specifier changed to `ht'.


LaTeX Warning: `h' float specifier changed to `ht'.


Package fancyhdr Warning: \headheight is too small (12.64723pt): 
(fancyhdr)                Make it at least 14.49998pt, for example:
(fancyhdr)                \setlength{\headheight}{14.49998pt}.
(fancyhdr)                You might also make \topmargin smaller to compensate:
(fancyhdr)                \addtolength{\topmargin}{-1.85275pt}.

[26]

Package fancyhdr Warning: \headheight is too small (12.64723pt): 
(fancyhdr)                Make it at least 14.49998pt, for example:
(fancyhdr)                \setlength{\headheight}{14.49998pt}.
(fancyhdr)                You might also make \topmargin smaller to compensate:
(fancyhdr)                \addtolength{\topmargin}{-1.85275pt}.

[27]

Package fancyhdr Warning: \headheight is too small (12.64723pt): 
(fancyhdr)                Make it at least 14.49998pt, for example:
(fancyhdr)                \setlength{\headheight}{14.49998pt}.
(fancyhdr)                You might also make \topmargin smaller to compensate:
(fancyhdr)                \addtolength{\topmargin}{-1.85275pt}.

[28]

Package fancyhdr Warning: \headheight is too small (12.64723pt): 
(fancyhdr)                Make it at least 14.49998pt, for example:
(fancyhdr)                \setlength{\headheight}{14.49998pt}.
(fancyhdr)                You might also make \topmargin smaller to compensate:
(fancyhdr)                \addtolength{\topmargin}{-1.85275pt}.

[29]

Package fancyhdr Warning: \headheight is too small (12.64723pt): 
(fancyhdr)                Make it at least 14.49998pt, for example:
(fancyhdr)                \setlength{\headheight}{14.49998pt}.
(fancyhdr)                You might also make \topmargin smaller to compensate:
(fancyhdr)                \addtolength{\topmargin}{-1.85275pt}.

[30]

Package fancyhdr Warning: \headheight is too small (12.64723pt): 
(fancyhdr)                Make it at least 14.49998pt, for example:
(fancyhdr)                \setlength{\headheight}{14.49998pt}.
(fancyhdr)                You might also make \topmargin smaller to compensate:
(fancyhdr)                \addtolength{\topmargin}{-1.85275pt}.

[31]

Package fancyhdr Warning: \headheight is too small (12.64723pt): 
(fancyhdr)                Make it at least 14.49998pt, for example:
(fancyhdr)                \setlength{\headheight}{14.49998pt}.
(fancyhdr)                You might also make \topmargin smaller to compensate:
(fancyhdr)                \addtolength{\topmargin}{-1.85275pt}.

[32]

Package fancyhdr Warning: \headheight is too small (12.64723pt): 
(fancyhdr)                Make it at least 14.49998pt, for example:
(fancyhdr)                \setlength{\headheight}{14.49998pt}.
(fancyhdr)                You might also make \topmargin smaller to compensate:
(fancyhdr)                \addtolength{\topmargin}{-1.85275pt}.

[33]
<66.png, id=821, 472.76625pt x 171.64125pt>
File: 66.png Graphic file (type png)
<use 66.png>
Package pdftex.def Info: 66.png  used on input line 1384.
(pdftex.def)             Requested size: 230.46576pt x 83.67279pt.
<67.png, id=822, 514.92375pt x 185.493pt>
File: 67.png Graphic file (type png)
<use 67.png>
Package pdftex.def Info: 67.png  used on input line 1391.
(pdftex.def)             Requested size: 230.46576pt x 83.02104pt.
<68.png, id=823, 514.92375pt x 186.6975pt>
File: 68.png Graphic file (type png)
<use 68.png>
Package pdftex.def Info: 68.png  used on input line 1398.
(pdftex.def)             Requested size: 230.46576pt x 83.56013pt.
<69.png, id=824, 517.33275pt x 186.6975pt>
File: 69.png Graphic file (type png)
<use 69.png>
Package pdftex.def Info: 69.png  used on input line 1405.
(pdftex.def)             Requested size: 230.46576pt x 83.16985pt.


Package fancyhdr Warning: \headheight is too small (12.64723pt): 
(fancyhdr)                Make it at least 14.49998pt, for example:
(fancyhdr)                \setlength{\headheight}{14.49998pt}.
(fancyhdr)                You might also make \topmargin smaller to compensate:
(fancyhdr)                \addtolength{\topmargin}{-1.85275pt}.

[34 <./66.png> <./67.png> <./68.png> <./69.png>]
<nb.png, id=837, 387.849pt x 267.399pt>
File: nb.png Graphic file (type png)
<use nb.png>
Package pdftex.def Info: nb.png  used on input line 1446.
(pdftex.def)             Requested size: 512.14963pt x 353.12689pt.


Package fancyhdr Warning: \headheight is too small (12.64723pt): 
(fancyhdr)                Make it at least 14.49998pt, for example:
(fancyhdr)                \setlength{\headheight}{14.49998pt}.
(fancyhdr)                You might also make \topmargin smaller to compensate:
(fancyhdr)                \addtolength{\topmargin}{-1.85275pt}.

[35 <./nb.png>]

Package fancyhdr Warning: \headheight is too small (12.64723pt): 
(fancyhdr)                Make it at least 14.49998pt, for example:
(fancyhdr)                \setlength{\headheight}{14.49998pt}.
(fancyhdr)                You might also make \topmargin smaller to compensate:
(fancyhdr)                \addtolength{\topmargin}{-1.85275pt}.

[36]

Package fancyhdr Warning: \headheight is too small (12.64723pt): 
(fancyhdr)                Make it at least 14.49998pt, for example:
(fancyhdr)                \setlength{\headheight}{14.49998pt}.
(fancyhdr)                You might also make \topmargin smaller to compensate:
(fancyhdr)                \addtolength{\topmargin}{-1.85275pt}.

[37]

Package fancyhdr Warning: \headheight is too small (12.64723pt): 
(fancyhdr)                Make it at least 14.49998pt, for example:
(fancyhdr)                \setlength{\headheight}{14.49998pt}.
(fancyhdr)                You might also make \topmargin smaller to compensate:
(fancyhdr)                \addtolength{\topmargin}{-1.85275pt}.

[38]

Package fancyhdr Warning: \headheight is too small (12.64723pt): 
(fancyhdr)                Make it at least 14.49998pt, for example:
(fancyhdr)                \setlength{\headheight}{14.49998pt}.
(fancyhdr)                You might also make \topmargin smaller to compensate:
(fancyhdr)                \addtolength{\topmargin}{-1.85275pt}.

[39]

Package fancyhdr Warning: \headheight is too small (12.64723pt): 
(fancyhdr)                Make it at least 14.49998pt, for example:
(fancyhdr)                \setlength{\headheight}{14.49998pt}.
(fancyhdr)                You might also make \topmargin smaller to compensate:
(fancyhdr)                \addtolength{\topmargin}{-1.85275pt}.

[40]

Package fancyhdr Warning: \headheight is too small (12.64723pt): 
(fancyhdr)                Make it at least 14.49998pt, for example:
(fancyhdr)                \setlength{\headheight}{14.49998pt}.
(fancyhdr)                You might also make \topmargin smaller to compensate:
(fancyhdr)                \addtolength{\topmargin}{-1.85275pt}.

[41]

Package fancyhdr Warning: \headheight is too small (12.64723pt): 
(fancyhdr)                Make it at least 14.49998pt, for example:
(fancyhdr)                \setlength{\headheight}{14.49998pt}.
(fancyhdr)                You might also make \topmargin smaller to compensate:
(fancyhdr)                \addtolength{\topmargin}{-1.85275pt}.

[42]

Package fancyhdr Warning: \headheight is too small (12.64723pt): 
(fancyhdr)                Make it at least 14.49998pt, for example:
(fancyhdr)                \setlength{\headheight}{14.49998pt}.
(fancyhdr)                You might also make \topmargin smaller to compensate:
(fancyhdr)                \addtolength{\topmargin}{-1.85275pt}.

[43]

Package fancyhdr Warning: \headheight is too small (12.64723pt): 
(fancyhdr)                Make it at least 14.49998pt, for example:
(fancyhdr)                \setlength{\headheight}{14.49998pt}.
(fancyhdr)                You might also make \topmargin smaller to compensate:
(fancyhdr)                \addtolength{\topmargin}{-1.85275pt}.

[44]

Package fancyhdr Warning: \headheight is too small (12.64723pt): 
(fancyhdr)                Make it at least 14.49998pt, for example:
(fancyhdr)                \setlength{\headheight}{14.49998pt}.
(fancyhdr)                You might also make \topmargin smaller to compensate:
(fancyhdr)                \addtolength{\topmargin}{-1.85275pt}.

[45]

Package fancyhdr Warning: \headheight is too small (12.64723pt): 
(fancyhdr)                Make it at least 14.49998pt, for example:
(fancyhdr)                \setlength{\headheight}{14.49998pt}.
(fancyhdr)                You might also make \topmargin smaller to compensate:
(fancyhdr)                \addtolength{\topmargin}{-1.85275pt}.

[46]

Package fancyhdr Warning: \headheight is too small (12.64723pt): 
(fancyhdr)                Make it at least 14.49998pt, for example:
(fancyhdr)                \setlength{\headheight}{14.49998pt}.
(fancyhdr)                You might also make \topmargin smaller to compensate:
(fancyhdr)                \addtolength{\topmargin}{-1.85275pt}.

[47]

Package fancyhdr Warning: \headheight is too small (12.64723pt): 
(fancyhdr)                Make it at least 14.49998pt, for example:
(fancyhdr)                \setlength{\headheight}{14.49998pt}.
(fancyhdr)                You might also make \topmargin smaller to compensate:
(fancyhdr)                \addtolength{\topmargin}{-1.85275pt}.

[48]

Package fancyhdr Warning: \headheight is too small (12.64723pt): 
(fancyhdr)                Make it at least 14.49998pt, for example:
(fancyhdr)                \setlength{\headheight}{14.49998pt}.
(fancyhdr)                You might also make \topmargin smaller to compensate:
(fancyhdr)                \addtolength{\topmargin}{-1.85275pt}.

[49]

LaTeX Warning: `h' float specifier changed to `ht'.


Package fancyhdr Warning: \headheight is too small (12.64723pt): 
(fancyhdr)                Make it at least 14.49998pt, for example:
(fancyhdr)                \setlength{\headheight}{14.49998pt}.
(fancyhdr)                You might also make \topmargin smaller to compensate:
(fancyhdr)                \addtolength{\topmargin}{-1.85275pt}.

[50]

Package hyperref Warning: Difference (2) between bookmark levels is greater 
(hyperref)                than one, level fixed on input line 2242.


LaTeX Warning: `h' float specifier changed to `ht'.


Package fancyhdr Warning: \headheight is too small (12.64723pt): 
(fancyhdr)                Make it at least 14.49998pt, for example:
(fancyhdr)                \setlength{\headheight}{14.49998pt}.
(fancyhdr)                You might also make \topmargin smaller to compensate:
(fancyhdr)                \addtolength{\topmargin}{-1.85275pt}.

[51]

Package fancyhdr Warning: \headheight is too small (12.64723pt): 
(fancyhdr)                Make it at least 14.49998pt, for example:
(fancyhdr)                \setlength{\headheight}{14.49998pt}.
(fancyhdr)                You might also make \topmargin smaller to compensate:
(fancyhdr)                \addtolength{\topmargin}{-1.85275pt}.

[52]

Package fancyhdr Warning: \headheight is too small (12.64723pt): 
(fancyhdr)                Make it at least 14.49998pt, for example:
(fancyhdr)                \setlength{\headheight}{14.49998pt}.
(fancyhdr)                You might also make \topmargin smaller to compensate:
(fancyhdr)                \addtolength{\topmargin}{-1.85275pt}.

[53]

Package fancyhdr Warning: \headheight is too small (12.64723pt): 
(fancyhdr)                Make it at least 14.49998pt, for example:
(fancyhdr)                \setlength{\headheight}{14.49998pt}.
(fancyhdr)                You might also make \topmargin smaller to compensate:
(fancyhdr)                \addtolength{\topmargin}{-1.85275pt}.

[54] (./2103010312Êü≥Ê≥ΩËæ∞.aux)

LaTeX Warning: There were multiply-defined labels.

Package rerunfilecheck Info: File `2103010312Êü≥Ê≥ΩËæ∞.out' has not changed.
(rerunfilecheck)             Checksum: 5733B16228902BC656804FD45D660531;7798.
 ) 
Here is how much of TeX's memory you used:
 17263 strings out of 476025
 294725 string characters out of 5796511
 1909382 words of memory out of 5000000
 36716 multiletter control sequences out of 15000+600000
 611781 words of font info for 398 fonts, out of 8000000 for 9000
 1141 hyphenation exceptions out of 8191
 78i,14n,80p,1224b,619s stack positions out of 10000i,1000n,20000p,200000b,200000s
<c:/Windows/Fonts/simhei.ttf><c:/Windows/Fonts/simhei.ttf><c:/Windows/Fonts/simhei.ttf><c:/Windows/Fonts/simhei.ttf><c:/Windows/Fonts/simhei.ttf><c:/Windows/Fonts/simhei.ttf><c:/Windows/Fonts/simhei.ttf><c:/Windows/Fonts/simhei.ttf><c:/Windows/Fonts/simhei.ttf><c:/Windows/Fonts/simhei.ttf><c:/Windows/Fonts/simhei.ttf><c:/Windows/Fonts/simhei.ttf><c:/Windows/Fonts/simhei.ttf><c:/Windows/Fonts/simsun.ttc><c:/Windows/Fonts/simsun.ttc><c:/Windows/Fonts/simhei.ttf><c:/Windows/Fonts/simsun.ttc><c:/Windows/Fonts/simsun.ttc><c:/Windows/Fonts/simsun.ttc><c:/Windows/Fonts/simsun.ttc><c:/Windows/Fonts/simsun.ttc><c:/Windows/Fonts/simsun.ttc><c:/Windows/Fonts/simhei.ttf><c:/Windows/Fonts/simhei.ttf><c:/Windows/Fonts/simhei.ttf><c:/Windows/Fonts/simhei.ttf><c:/Windows/Fonts/simsun.ttc><c:/Windows/Fonts/simhei.ttf><c:/Windows/Fonts/simhei.ttf><c:/Windows/Fonts/simhei.ttf><c:/Windows/Fonts/simhei.ttf><c:/Windows/Fonts/simhei.ttf><c:/Windows/Fonts/simhei.ttf><c:/Windows/Fonts/simsun.ttc><c:/Windows/Fonts/simhei.ttf><c:/Windows/Fonts/simhei.ttf><c:/Windows/Fonts/simhei.ttf><c:/Windows/Fonts/simhei.ttf><c:/Windows/Fonts/simhei.ttf><c:/Windows/Fonts/simhei.ttf><c:/Windows/Fonts/simhei.ttf><c:/Windows/Fonts/simhei.ttf><c:/Windows/Fonts/simhei.ttf><c:/Windows/Fonts/simhei.ttf><c:/Windows/Fonts/simhei.ttf><c:/Windows/Fonts/simhei.ttf><c:/Windows/Fonts/simhei.ttf><c:/Windows/Fonts/simhei.ttf><c:/Windows/Fonts/simhei.ttf><c:/Windows/Fonts/simhei.ttf><c:/Windows/Fonts/simsun.ttc><c:/Windows/Fonts/simsun.ttc><c:/Windows/Fonts/simsun.ttc><c:/Windows/Fonts/simsun.ttc><c:/Windows/Fonts/simsun.ttc><c:/Windows/Fonts/simhei.ttf><c:/Windows/Fonts/simhei.ttf><c:/Windows/Fonts/simhei.ttf><c:/Windows/Fonts/simhei.ttf><c:/Windows/Fonts/simhei.ttf><c:/Windows/Fonts/simhei.ttf><c:/Windows/Fonts/simhei.ttf><c:/Windows/Fonts/simhei.ttf><c:/Windows/Fonts/simhei.ttf><c:/Windows/Fonts/simhei.ttf><c:/Windows/Fonts/simsun.ttc><c:/Windows/Fonts/simsun.ttc><c:/Windows/Fonts/simsun.ttc><c:/Windows/Fonts/simsun.ttc><c:/Windows/Fonts/simsun.ttc><c:/Windows/Fonts/simsun.ttc><c:/Windows/Fonts/simsun.ttc><c:/Windows/Fonts/simsun.ttc><c:/Windows/Fonts/simsun.ttc><c:/Windows/Fonts/simsun.ttc><c:/Windows/Fonts/simsun.ttc><c:/Windows/Fonts/simsun.ttc><c:/Windows/Fonts/simsun.ttc><c:/Windows/Fonts/simsun.ttc><c:/Windows/Fonts/simsun.ttc><c:/Windows/Fonts/simsun.ttc><c:/Windows/Fonts/simsun.ttc><c:/Windows/Fonts/simsun.ttc><c:/Windows/Fonts/simsun.ttc><c:/Windows/Fonts/simhei.ttf><c:/Windows/Fonts/simhei.ttf><c:/Windows/Fonts/simhei.ttf><c:/Windows/Fonts/simhei.ttf><c:/Windows/Fonts/simhei.ttf><c:/Windows/Fonts/simsun.ttc><c:/Windows/Fonts/simsun.ttc><c:/Windows/Fonts/simsun.ttc><c:/Windows/Fonts/simsun.ttc><c:/Windows/Fonts/simsun.ttc><c:/Windows/Fonts/simsun.ttc><c:/Windows/Fonts/simsun.ttc><c:/Windows/Fonts/simsun.ttc><c:/Windows/Fonts/simhei.ttf><c:/Windows/Fonts/simhei.ttf><c:/Windows/Fonts/simhei.ttf><c:/Windows/Fonts/simsun.ttc><c:/Windows/Fonts/simsun.ttc><c:/Windows/Fonts/simsun.ttc><c:/Windows/Fonts/simsun.ttc><c:/Windows/Fonts/simsun.ttc><c:/Windows/Fonts/simsun.ttc><c:/Windows/Fonts/simsun.ttc><c:/Windows/Fonts/simsun.ttc><c:/Windows/Fonts/simsun.ttc><c:/Windows/Fonts/simsun.ttc><c:/Windows/Fonts/simsun.ttc><c:/Windows/Fonts/simsun.ttc><c:/Windows/Fonts/simsun.ttc><c:/Windows/Fonts/simsun.ttc><c:/Windows/Fonts/simsun.ttc><c:/Windows/Fonts/simsun.ttc><c:/Windows/Fonts/simsun.ttc><c:/Windows/Fonts/simhei.ttf><c:/Windows/Fonts/simhei.ttf><c:/Windows/Fonts/simhei.ttf><c:/Windows/Fonts/simhei.ttf><c:/Windows/Fonts/simhei.ttf><c:/Windows/Fonts/simhei.ttf><c:/Windows/Fonts/simhei.ttf><c:/Windows/Fonts/simhei.ttf><c:/Windows/Fonts/simsun.ttc><c:/Windows/Fonts/simsun.ttc><c:/Windows/Fonts/simsun.ttc><c:/Windows/Fonts/simsun.ttc><c:/Windows/Fonts/simsun.ttc><c:/Windows/Fonts/simsun.ttc><c:/Windows/Fonts/simsun.ttc><c:/Windows/Fonts/simsun.ttc><c:/Windows/Fonts/simsun.ttc><c:/Windows/Fonts/simsun.ttc><c:/Windows/Fonts/simsun.ttc><c:/Windows/Fonts/simsun.ttc><c:/Windows/Fonts/simsun.ttc><c:/Windows/Fonts/simsun.ttc><c:/Windows/Fonts/simsun.ttc><c:/Windows/Fonts/simsun.ttc><c:/Windows/Fonts/simsun.ttc><c:/Windows/Fonts/simsun.ttc><c:/Windows/Fonts/simsun.ttc><d:/texlive/texmf-dist/fonts/type1/public/amsfonts/cm/cmbx10.pfb><d:/texlive/texmf-dist/fonts/type1/public/amsfonts/cm/cmbx12.pfb><d:/texlive/texmf-dist/fonts/type1/public/amsfonts/cm/cmbx8.pfb><d:/texlive/texmf-dist/fonts/type1/public/amsfonts/cm/cmex10.pfb><d:/texlive/texmf-dist/fonts/type1/public/amsfonts/cm/cmmi12.pfb><d:/texlive/texmf-dist/fonts/type1/public/amsfonts/cm/cmmi6.pfb><d:/texlive/texmf-dist/fonts/type1/public/amsfonts/cm/cmmi8.pfb><d:/texlive/texmf-dist/fonts/type1/public/amsfonts/cm/cmr10.pfb><d:/texlive/texmf-dist/fonts/type1/public/amsfonts/cm/cmr12.pfb><d:/texlive/texmf-dist/fonts/type1/public/amsfonts/cm/cmr6.pfb><d:/texlive/texmf-dist/fonts/type1/public/amsfonts/cm/cmr8.pfb><d:/texlive/texmf-dist/fonts/type1/public/amsfonts/cm/cmsy10.pfb><d:/texlive/texmf-dist/fonts/type1/public/amsfonts/cm/cmsy6.pfb><d:/texlive/texmf-dist/fonts/type1/public/amsfonts/cm/cmsy8.pfb><d:/texlive/texmf-dist/fonts/type1/public/cm-super/sfrm1200.pfb>
Output written on 2103010312Êü≥Ê≥ΩËæ∞.pdf (54 pages, 1451084 bytes).
PDF statistics:
 1518 PDF objects out of 1728 (max. 8388607)
 1176 compressed objects within 12 object streams
 239 named destinations out of 1000 (max. 500000)
 946 words of extra memory for PDF output out of 10000 (max. 10000000)

